<?xml version="1.0" encoding="UTF-8"?><testsuite name="nosetests" tests="10" errors="0" failures="0" skip="0"><testcase classname="ats_00081003_disk_storage_test.Test" name="test" time="2.370"></testcase><testcase classname="ats_00081004_disk_storage_test.Test" name="test" time="2.910"></testcase><testcase classname="ats_00081005_disk_storage_test.Test" name="test" time="6227.166"></testcase><testcase classname="ats_00081006_disk_storage_test.Test" name="test" time="6827.260"></testcase><testcase classname="ats_00081007_disk_storage_test.Test" name="test" time="9601.194"></testcase><testcase classname="ats_00081008_disk_storage_test.Test" name="test" time="9065.293"></testcase><testcase classname="ats_00081009_disk_storage_test.Test" name="test" time="450.042"></testcase><testcase classname="ats_00081010_disk_storage_test.Test" name="test" time="1.373"></testcase><testcase classname="ats_00081011_disk_storage_test.Test" name="test" time="1.118"></testcase><testcase classname="ats_00081012_disk_storage_FAT32_test.Test" name="test" time="608.584"></testcase></testsuite>