<?xml version="1.0" encoding="UTF-8"?><testsuite name="nosetests" tests="22" errors="0" failures="15" skip="0"><testcase classname="ats_00100000_just_for_test.Test" name="test" time="0.008"></testcase><testcase classname="ats_00101001_get_device_list_by_room_test.Test" name="test" time="43.108"><failure type="exceptions.AssertionError" message="0 != 1&#10;-------------------- &gt;&gt; begin captured logging &lt;&lt; --------------------&#10;C:\ATS\testcases\ats_result\tmp\20171205_102724-00101001\output.log: DEBUG: [my_serial.py: 58] port: COM5 open success&#10;C:\ATS\testcases\ats_result\tmp\20171205_102724-00101001\output.log: INFO: [my_socket.py: 196] Connection setup suceess!&#10;C:\ATS\testcases\ats_result\tmp\20171205_102724-00101001\output.log: INFO: [my_socket.py: 267] client send data: {&quot;content&quot;: {&quot;timestamp&quot;: 123121211, &quot;params&quot;: {&quot;family_id&quot;: 4044, &quot;user_id&quot;: 4043, &quot;room_id&quot;: 2, &quot;page&quot;: {&quot;begin&quot;: 0, &quot;size&quot;: 10}, &quot;device_category_id&quot;: 0}, &quot;method&quot;: &quot;dm_get_devices_by_room&quot;, &quot;req_id&quot;: 123}, &quot;encry&quot;: &quot;false&quot;, &quot;uuid&quot;: &quot;111&quot;}&#10;&#10;C:\ATS\testcases\ats_result\tmp\20171205_102724-00101001\output.log: INFO: [my_socket.py: 227] client get data: '{&quot;uuid&quot;:&quot;00fbfca7bf0000000000000001021717&quot;, &quot;encry&quot;:&quot;false&quot;, &quot;content&quot;:{&quot;method&quot;:&quot;dm_get_devices_by_room&quot;,&quot;req_id&quot;:123,&quot;timestamp&quot;:978314306,&quot;msg&quot;:&quot;success&quot;,&quot;code&quot;:0,&quot;result&quot;:{&quot;family_id&quot;:4044,&quot;user_id&quot;:4043,&quot;list&quot;:[ ],&quot;more&quot;:0}}}\n'&#10;C:\ATS\testcases\ats_result\tmp\20171205_102724-00101001\output.log: INFO: [common_methods.py: 369] 1 package found!&#10;C:\ATS\testcases\ats_result\tmp\20171205_102724-00101001\output.log: INFO: [common_methods.py: 371] keywords are: ['dm_get_devices_by_room', 'result']&#10;C:\ATS\testcases\ats_result\tmp\20171205_102724-00101001\output.log: DEBUG: [common_methods.py: 374] use: dm_get_devices_by_room to select packages...&#10;C:\ATS\testcases\ats_result\tmp\20171205_102724-00101001\output.log: INFO: [common_methods.py: 377] 1 package left!&#10;C:\ATS\testcases\ats_result\tmp\20171205_102724-00101001\output.log: DEBUG: [common_methods.py: 374] use: result to select packages...&#10;C:\ATS\testcases\ats_result\tmp\20171205_102724-00101001\output.log: INFO: [common_methods.py: 377] 1 package left!&#10;C:\ATS\testcases\ats_result\tmp\20171205_102724-00101001\output.log: DEBUG: [common_methods.py: 381] use: mdp_msg to exclude packages...&#10;C:\ATS\testcases\ats_result\tmp\20171205_102724-00101001\output.log: INFO: [common_methods.py: 384] 1 package left!&#10;C:\ATS\testcases\ats_result\tmp\20171205_102724-00101001\output.log: WARNING: [ats_00101001_get_device_list_by_room_test.py: 82] {&#10;    &quot;content&quot;: {&#10;        &quot;code&quot;: 0,&#10;        &quot;method&quot;: &quot;dm_get_devices_by_room&quot;,&#10;        &quot;msg&quot;: &quot;success&quot;,&#10;        &quot;req_id&quot;: 123,&#10;        &quot;result&quot;: {&#10;            &quot;family_id&quot;: 4044,&#10;            &quot;list&quot;: [],&#10;            &quot;more&quot;: 0,&#10;            &quot;user_id&quot;: 4043&#10;        },&#10;        &quot;timestamp&quot;: 978314306&#10;    },&#10;    &quot;encry&quot;: &quot;false&quot;,&#10;    &quot;uuid&quot;: &quot;00fbfca7bf0000000000000001021717&quot;&#10;}&#10;C:\ATS\testcases\ats_result\tmp\20171205_102724-00101001\output.log: DEBUG: [ats_00101001_get_device_list_by_room_test.py: 83] {&#10;    &quot;content&quot;: {&#10;        &quot;code&quot;: 0,&#10;        &quot;method&quot;: &quot;dm_get_devices_by_room&quot;,&#10;        &quot;msg&quot;: &quot;success&quot;,&#10;        &quot;req_id&quot;: 123,&#10;        &quot;result&quot;: {&#10;            &quot;family_id&quot;: 4044,&#10;            &quot;list&quot;: [],&#10;            &quot;more&quot;: 0,&#10;            &quot;user_id&quot;: 4043&#10;        },&#10;        &quot;timestamp&quot;: 978314306&#10;    },&#10;    &quot;encry&quot;: &quot;false&quot;,&#10;    &quot;uuid&quot;: &quot;00fbfca7bf0000000000000001021717&quot;&#10;}&#10;C:\ATS\testcases\ats_result\tmp\20171205_102724-00101001\output.log: INFO: [common_methods.py: 308] {&#10;C:\ATS\testcases\ats_result\tmp\20171205_102724-00101001\output.log: INFO: [common_methods.py: 312]   content : &#10;C:\ATS\testcases\ats_result\tmp\20171205_102724-00101001\output.log: INFO: [common_methods.py: 308]   {&#10;C:\ATS\testcases\ats_result\tmp\20171205_102724-00101001\output.log: INFO: [common_methods.py: 324]     code : 0&#10;C:\ATS\testcases\ats_result\tmp\20171205_102724-00101001\output.log: INFO: [common_methods.py: 324]     method : dm_get_devices_by_room&#10;C:\ATS\testcases\ats_result\tmp\20171205_102724-00101001\output.log: INFO: [common_methods.py: 324]     msg : success&#10;C:\ATS\testcases\ats_result\tmp\20171205_102724-00101001\output.log: INFO: [common_methods.py: 324]     req_id : no_need&#10;C:\ATS\testcases\ats_result\tmp\20171205_102724-00101001\output.log: INFO: [common_methods.py: 312]     result : &#10;C:\ATS\testcases\ats_result\tmp\20171205_102724-00101001\output.log: INFO: [common_methods.py: 308]     {&#10;C:\ATS\testcases\ats_result\tmp\20171205_102724-00101001\output.log: INFO: [common_methods.py: 352]       family_id : 4044------------------------------------------------------------------------------actuality only&#10;C:\ATS\testcases\ats_result\tmp\20171205_102724-00101001\output.log: INFO: [common_methods.py: 260]       [&#10;C:\ATS\testcases\ats_result\tmp\20171205_102724-00101001\output.log: INFO: [common_methods.py: 308]         {&#10;C:\ATS\testcases\ats_result\tmp\20171205_102724-00101001\output.log: INFO: [common_methods.py: 333]           attribute : ------------------------------------------------------------------------------expected only&#10;C:\ATS\testcases\ats_result\tmp\20171205_102724-00101001\output.log: INFO: [common_methods.py: 308]           {&#10;C:\ATS\testcases\ats_result\tmp\20171205_102724-00101001\output.log: INFO: [common_methods.py: 340]             connectivity : online-------------------------------------------------------------------expected only&#10;C:\ATS\testcases\ats_result\tmp\20171205_102724-00101001\output.log: INFO: [common_methods.py: 354]           }&#10;C:\ATS\testcases\ats_result\tmp\20171205_102724-00101001\output.log: INFO: [common_methods.py: 340]           created_at : no_need----------------------------------------------------------------------expected only&#10;C:\ATS\testcases\ats_result\tmp\20171205_102724-00101001\output.log: INFO: [common_methods.py: 340]           default_device_name : no_need-------------------------------------------------------------expected only&#10;C:\ATS\testcases\ats_result\tmp\20171205_102724-00101001\output.log: INFO: [common_methods.py: 340]           device_category_id : 1--------------------------------------------------------------------expected only&#10;C:\ATS\testcases\ats_result\tmp\20171205_102724-00101001\output.log: INFO: [common_methods.py: 340]           device_id : no_need-----------------------------------------------------------------------expected only&#10;C:\ATS\testcases\ats_result\tmp\20171205_102724-00101001\output.log: INFO: [common_methods.py: 340]           device_name : 柜式空调------------------------------------------------------------------------expected only&#10;C:\ATS\testcases\ats_result\tmp\20171205_102724-00101001\output.log: INFO: [common_methods.py: 340]           device_uuid : no_need---------------------------------------------------------------------expected only&#10;C:\ATS\testcases\ats_result\tmp\20171205_102724-00101001\output.log: INFO: [common_methods.py: 340]           family_id : 4044--------------------------------------------------------------------------expected only&#10;C:\ATS\testcases\ats_result\tmp\20171205_102724-00101001\output.log: INFO: [common_methods.py: 340]           room_id : 2-------------------------------------------------------------------------------expected only&#10;C:\ATS\testcases\ats_result\tmp\20171205_102724-00101001\output.log: INFO: [common_methods.py: 340]           updated_at : no_need----------------------------------------------------------------------expected only&#10;C:\ATS\testcases\ats_result\tmp\20171205_102724-00101001\output.log: INFO: [common_methods.py: 354]         }&#10;C:\ATS\testcases\ats_result\tmp\20171205_102724-00101001\output.log: INFO: [common_methods.py: 303]       ]&#10;C:\ATS\testcases\ats_result\tmp\20171205_102724-00101001\output.log: INFO: [common_methods.py: 324]       more : 0&#10;C:\ATS\testcases\ats_result\tmp\20171205_102724-00101001\output.log: INFO: [common_methods.py: 324]       user_id : 4043&#10;C:\ATS\testcases\ats_result\tmp\20171205_102724-00101001\output.log: INFO: [common_methods.py: 354]     }&#10;C:\ATS\testcases\ats_result\tmp\20171205_102724-00101001\output.log: INFO: [common_methods.py: 324]     timestamp : no_need&#10;C:\ATS\testcases\ats_result\tmp\20171205_102724-00101001\output.log: INFO: [common_methods.py: 354]   }&#10;C:\ATS\testcases\ats_result\tmp\20171205_102724-00101001\output.log: INFO: [common_methods.py: 324]   encry : no_need&#10;C:\ATS\testcases\ats_result\tmp\20171205_102724-00101001\output.log: INFO: [common_methods.py: 324]   uuid : no_need&#10;C:\ATS\testcases\ats_result\tmp\20171205_102724-00101001\output.log: INFO: [common_methods.py: 354] }&#10;C:\ATS\testcases\ats_result\tmp\20171205_102724-00101001\output.log: ERROR: [common_methods.py: 359] template != target&#10;C:\ATS\testcases\ats_result\tmp\20171205_102724-00101001\output.log: INFO: [my_socket.py: 267] client send data: {&quot;content&quot;: {&quot;timestamp&quot;: 123121211, &quot;params&quot;: {&quot;family_id&quot;: 4044, &quot;user_id&quot;: 4043, &quot;room_id&quot;: 3, &quot;page&quot;: {&quot;begin&quot;: 0, &quot;size&quot;: 10}, &quot;device_category_id&quot;: 0}, &quot;method&quot;: &quot;dm_get_devices_by_room&quot;, &quot;req_id&quot;: 123}, &quot;encry&quot;: &quot;false&quot;, &quot;uuid&quot;: &quot;111&quot;}&#10;&#10;C:\ATS\testcases\ats_result\tmp\20171205_102724-00101001\output.log: INFO: [my_socket.py: 227] client get data: '{&quot;uuid&quot;:&quot;00fbfca7bf0000000000000001021717&quot;, &quot;encry&quot;:&quot;false&quot;, &quot;content&quot;:{&quot;method&quot;:&quot;dm_get_devices_by_room&quot;,&quot;req_id&quot;:123,&quot;timestamp&quot;:978314307,&quot;msg&quot;:&quot;success&quot;,&quot;code&quot;:0,&quot;result&quot;:{&quot;family_id&quot;:4044,&quot;user_id&quot;:4043,&quot;list&quot;:[ ],&quot;more&quot;:0}}}\n'&#10;C:\ATS\testcases\ats_result\tmp\20171205_102724-00101001\output.log: INFO: [common_methods.py: 369] 1 package found!&#10;C:\ATS\testcases\ats_result\tmp\20171205_102724-00101001\output.log: INFO: [common_methods.py: 371] keywords are: ['dm_get_devices_by_room', 'result']&#10;C:\ATS\testcases\ats_result\tmp\20171205_102724-00101001\output.log: DEBUG: [common_methods.py: 374] use: dm_get_devices_by_room to select packages...&#10;C:\ATS\testcases\ats_result\tmp\20171205_102724-00101001\output.log: INFO: [common_methods.py: 377] 1 package left!&#10;C:\ATS\testcases\ats_result\tmp\20171205_102724-00101001\output.log: DEBUG: [common_methods.py: 374] use: result to select packages...&#10;C:\ATS\testcases\ats_result\tmp\20171205_102724-00101001\output.log: INFO: [common_methods.py: 377] 1 package left!&#10;C:\ATS\testcases\ats_result\tmp\20171205_102724-00101001\output.log: DEBUG: [common_methods.py: 381] use: mdp_msg to exclude packages...&#10;C:\ATS\testcases\ats_result\tmp\20171205_102724-00101001\output.log: INFO: [common_methods.py: 384] 1 package left!&#10;C:\ATS\testcases\ats_result\tmp\20171205_102724-00101001\output.log: WARNING: [ats_00101001_get_device_list_by_room_test.py: 137] {&#10;    &quot;content&quot;: {&#10;        &quot;code&quot;: 0,&#10;        &quot;method&quot;: &quot;dm_get_devices_by_room&quot;,&#10;        &quot;msg&quot;: &quot;success&quot;,&#10;        &quot;req_id&quot;: 123,&#10;        &quot;result&quot;: {&#10;            &quot;family_id&quot;: 4044,&#10;            &quot;list&quot;: [],&#10;            &quot;more&quot;: 0,&#10;            &quot;user_id&quot;: 4043&#10;        },&#10;        &quot;timestamp&quot;: 978314307&#10;    },&#10;    &quot;encry&quot;: &quot;false&quot;,&#10;    &quot;uuid&quot;: &quot;00fbfca7bf0000000000000001021717&quot;&#10;}&#10;C:\ATS\testcases\ats_result\tmp\20171205_102724-00101001\output.log: DEBUG: [ats_00101001_get_device_list_by_room_test.py: 138] {&#10;    &quot;content&quot;: {&#10;        &quot;code&quot;: 0,&#10;        &quot;method&quot;: &quot;dm_get_devices_by_room&quot;,&#10;        &quot;msg&quot;: &quot;success&quot;,&#10;        &quot;req_id&quot;: 123,&#10;        &quot;result&quot;: {&#10;            &quot;family_id&quot;: 4044,&#10;            &quot;list&quot;: [],&#10;            &quot;more&quot;: 0,&#10;            &quot;user_id&quot;: 4043&#10;        },&#10;        &quot;timestamp&quot;: 978314307&#10;    },&#10;    &quot;encry&quot;: &quot;false&quot;,&#10;    &quot;uuid&quot;: &quot;00fbfca7bf0000000000000001021717&quot;&#10;}&#10;C:\ATS\testcases\ats_result\tmp\20171205_102724-00101001\output.log: INFO: [common_methods.py: 308] {&#10;C:\ATS\testcases\ats_result\tmp\20171205_102724-00101001\output.log: INFO: [common_methods.py: 312]   content : &#10;C:\ATS\testcases\ats_result\tmp\20171205_102724-00101001\output.log: INFO: [common_methods.py: 308]   {&#10;C:\ATS\testcases\ats_result\tmp\20171205_102724-00101001\output.log: INFO: [common_methods.py: 324]     code : 0&#10;C:\ATS\testcases\ats_result\tmp\20171205_102724-00101001\output.log: INFO: [common_methods.py: 324]     method : dm_get_devices_by_room&#10;C:\ATS\testcases\ats_result\tmp\20171205_102724-00101001\output.log: INFO: [common_methods.py: 324]     msg : success&#10;C:\ATS\testcases\ats_result\tmp\20171205_102724-00101001\output.log: INFO: [common_methods.py: 324]     req_id : no_need&#10;C:\ATS\testcases\ats_result\tmp\20171205_102724-00101001\output.log: INFO: [common_methods.py: 312]     result : &#10;C:\ATS\testcases\ats_result\tmp\20171205_102724-00101001\output.log: INFO: [common_methods.py: 308]     {&#10;C:\ATS\testcases\ats_result\tmp\20171205_102724-00101001\output.log: INFO: [common_methods.py: 352]       family_id : 4044------------------------------------------------------------------------------actuality only&#10;C:\ATS\testcases\ats_result\tmp\20171205_102724-00101001\output.log: INFO: [common_methods.py: 260]       [&#10;C:\ATS\testcases\ats_result\tmp\20171205_102724-00101001\output.log: INFO: [common_methods.py: 308]         {&#10;C:\ATS\testcases\ats_result\tmp\20171205_102724-00101001\output.log: INFO: [common_methods.py: 333]           attribute : ------------------------------------------------------------------------------expected only&#10;C:\ATS\testcases\ats_result\tmp\20171205_102724-00101001\output.log: INFO: [common_methods.py: 308]           {&#10;C:\ATS\testcases\ats_result\tmp\20171205_102724-00101001\output.log: INFO: [common_methods.py: 340]             b : no_need-----------------------------------------------------------------------------expected only&#10;C:\ATS\testcases\ats_result\tmp\20171205_102724-00101001\output.log: INFO: [common_methods.py: 340]             connectivity : no_need------------------------------------------------------------------expected only&#10;C:\ATS\testcases\ats_result\tmp\20171205_102724-00101001\output.log: INFO: [common_methods.py: 340]             g : no_need-----------------------------------------------------------------------------expected only&#10;C:\ATS\testcases\ats_result\tmp\20171205_102724-00101001\output.log: INFO: [common_methods.py: 340]             hue : no_need---------------------------------------------------------------------------expected only&#10;C:\ATS\testcases\ats_result\tmp\20171205_102724-00101001\output.log: INFO: [common_methods.py: 340]             level : no_need-------------------------------------------------------------------------expected only&#10;C:\ATS\testcases\ats_result\tmp\20171205_102724-00101001\output.log: INFO: [common_methods.py: 340]             mode : no_need--------------------------------------------------------------------------expected only&#10;C:\ATS\testcases\ats_result\tmp\20171205_102724-00101001\output.log: INFO: [common_methods.py: 340]             r : no_need-----------------------------------------------------------------------------expected only&#10;C:\ATS\testcases\ats_result\tmp\20171205_102724-00101001\output.log: INFO: [common_methods.py: 340]             saturation : no_need--------------------------------------------------------------------expected only&#10;C:\ATS\testcases\ats_result\tmp\20171205_102724-00101001\output.log: INFO: [common_methods.py: 340]             temperature : no_need-------------------------------------------------------------------expected only&#10;C:\ATS\testcases\ats_result\tmp\20171205_102724-00101001\output.log: INFO: [common_methods.py: 354]           }&#10;C:\ATS\testcases\ats_result\tmp\20171205_102724-00101001\output.log: INFO: [common_methods.py: 340]           created_at : no_need----------------------------------------------------------------------expected only&#10;C:\ATS\testcases\ats_result\tmp\20171205_102724-00101001\output.log: INFO: [common_methods.py: 340]           default_device_name : no_need-------------------------------------------------------------expected only&#10;C:\ATS\testcases\ats_result\tmp\20171205_102724-00101001\output.log: INFO: [common_methods.py: 340]           device_category_id : 5--------------------------------------------------------------------expected only&#10;C:\ATS\testcases\ats_result\tmp\20171205_102724-00101001\output.log: INFO: [common_methods.py: 340]           device_id : no_need-----------------------------------------------------------------------expected only&#10;C:\ATS\testcases\ats_result\tmp\20171205_102724-00101001\output.log: INFO: [common_methods.py: 340]           device_name : 佛照射灯------------------------------------------------------------------------expected only&#10;C:\ATS\testcases\ats_result\tmp\20171205_102724-00101001\output.log: INFO: [common_methods.py: 340]           device_uuid : no_need---------------------------------------------------------------------expected only&#10;C:\ATS\testcases\ats_result\tmp\20171205_102724-00101001\output.log: INFO: [common_methods.py: 340]           family_id : 4044--------------------------------------------------------------------------expected only&#10;C:\ATS\testcases\ats_result\tmp\20171205_102724-00101001\output.log: INFO: [common_methods.py: 340]           room_id : 3-------------------------------------------------------------------------------expected only&#10;C:\ATS\testcases\ats_result\tmp\20171205_102724-00101001\output.log: INFO: [common_methods.py: 340]           updated_at : no_need----------------------------------------------------------------------expected only&#10;C:\ATS\testcases\ats_result\tmp\20171205_102724-00101001\output.log: INFO: [common_methods.py: 354]         }&#10;C:\ATS\testcases\ats_result\tmp\20171205_102724-00101001\output.log: INFO: [common_methods.py: 303]       ]&#10;C:\ATS\testcases\ats_result\tmp\20171205_102724-00101001\output.log: INFO: [common_methods.py: 324]       more : 0&#10;C:\ATS\testcases\ats_result\tmp\20171205_102724-00101001\output.log: INFO: [common_methods.py: 324]       user_id : 4043&#10;C:\ATS\testcases\ats_result\tmp\20171205_102724-00101001\output.log: INFO: [common_methods.py: 354]     }&#10;C:\ATS\testcases\ats_result\tmp\20171205_102724-00101001\output.log: INFO: [common_methods.py: 324]     timestamp : no_need&#10;C:\ATS\testcases\ats_result\tmp\20171205_102724-00101001\output.log: INFO: [common_methods.py: 354]   }&#10;C:\ATS\testcases\ats_result\tmp\20171205_102724-00101001\output.log: INFO: [common_methods.py: 324]   encry : no_need&#10;C:\ATS\testcases\ats_result\tmp\20171205_102724-00101001\output.log: INFO: [common_methods.py: 324]   uuid : no_need&#10;C:\ATS\testcases\ats_result\tmp\20171205_102724-00101001\output.log: INFO: [common_methods.py: 354] }&#10;C:\ATS\testcases\ats_result\tmp\20171205_102724-00101001\output.log: ERROR: [common_methods.py: 359] template != target&#10;C:\ATS\testcases\ats_result\tmp\20171205_102724-00101001\output.log: ERROR: [framework.py: 80] msg check failed!&#10;--------------------- &gt;&gt; end captured logging &lt;&lt; ---------------------"><![CDATA[  File "C:\Python27\lib\unittest\case.py", line 318, in run
    testMethod()
  File "C:\Python27\lib\site-packages\nose-1.3.7-py2.7.egg\nose\case.py", line 197, in runTest
    self.test(*self.arg)
  File "C:\ATS\framework\framework.py", line 61, in test
    assert_equal(0, result)
  File "C:\Python27\lib\unittest\case.py", line 494, in assertEqual
    assertion_func(first, second, msg=msg)
  File "C:\Python27\lib\unittest\case.py", line 487, in _baseAssertEqual
    raise self.failureException(msg)
'0 != 1\n-------------------- >> begin captured logging << --------------------\nC:\\ATS\\testcases\\ats_result\\tmp\\20171205_102724-00101001\\output.log: DEBUG: [my_serial.py: 58] port: COM5 open success\nC:\\ATS\\testcases\\ats_result\\tmp\\20171205_102724-00101001\\output.log: INFO: [my_socket.py: 196] Connection setup suceess!\nC:\\ATS\\testcases\\ats_result\\tmp\\20171205_102724-00101001\\output.log: INFO: [my_socket.py: 267] client send data: {"content": {"timestamp": 123121211, "params": {"family_id": 4044, "user_id": 4043, "room_id": 2, "page": {"begin": 0, "size": 10}, "device_category_id": 0}, "method": "dm_get_devices_by_room", "req_id": 123}, "encry": "false", "uuid": "111"}\n\nC:\\ATS\\testcases\\ats_result\\tmp\\20171205_102724-00101001\\output.log: INFO: [my_socket.py: 227] client get data: \'{"uuid":"00fbfca7bf0000000000000001021717", "encry":"false", "content":{"method":"dm_get_devices_by_room","req_id":123,"timestamp":978314306,"msg":"success","code":0,"result":{"family_id":4044,"user_id":4043,"list":[ ],"more":0}}}\\n\'\nC:\\ATS\\testcases\\ats_result\\tmp\\20171205_102724-00101001\\output.log: INFO: [common_methods.py: 369] 1 package found!\nC:\\ATS\\testcases\\ats_result\\tmp\\20171205_102724-00101001\\output.log: INFO: [common_methods.py: 371] keywords are: [\'dm_get_devices_by_room\', \'result\']\nC:\\ATS\\testcases\\ats_result\\tmp\\20171205_102724-00101001\\output.log: DEBUG: [common_methods.py: 374] use: dm_get_devices_by_room to select packages...\nC:\\ATS\\testcases\\ats_result\\tmp\\20171205_102724-00101001\\output.log: INFO: [common_methods.py: 377] 1 package left!\nC:\\ATS\\testcases\\ats_result\\tmp\\20171205_102724-00101001\\output.log: DEBUG: [common_methods.py: 374] use: result to select packages...\nC:\\ATS\\testcases\\ats_result\\tmp\\20171205_102724-00101001\\output.log: INFO: [common_methods.py: 377] 1 package left!\nC:\\ATS\\testcases\\ats_result\\tmp\\20171205_102724-00101001\\output.log: DEBUG: [common_methods.py: 381] use: mdp_msg to exclude packages...\nC:\\ATS\\testcases\\ats_result\\tmp\\20171205_102724-00101001\\output.log: INFO: [common_methods.py: 384] 1 package left!\nC:\\ATS\\testcases\\ats_result\\tmp\\20171205_102724-00101001\\output.log: WARNING: [ats_00101001_get_device_list_by_room_test.py: 82] {\n    "content": {\n        "code": 0,\n        "method": "dm_get_devices_by_room",\n        "msg": "success",\n        "req_id": 123,\n        "result": {\n            "family_id": 4044,\n            "list": [],\n            "more": 0,\n            "user_id": 4043\n        },\n        "timestamp": 978314306\n    },\n    "encry": "false",\n    "uuid": "00fbfca7bf0000000000000001021717"\n}\nC:\\ATS\\testcases\\ats_result\\tmp\\20171205_102724-00101001\\output.log: DEBUG: [ats_00101001_get_device_list_by_room_test.py: 83] {\n    "content": {\n        "code": 0,\n        "method": "dm_get_devices_by_room",\n        "msg": "success",\n        "req_id": 123,\n        "result": {\n            "family_id": 4044,\n            "list": [],\n            "more": 0,\n            "user_id": 4043\n        },\n        "timestamp": 978314306\n    },\n    "encry": "false",\n    "uuid": "00fbfca7bf0000000000000001021717"\n}\nC:\\ATS\\testcases\\ats_result\\tmp\\20171205_102724-00101001\\output.log: INFO: [common_methods.py: 308] {\nC:\\ATS\\testcases\\ats_result\\tmp\\20171205_102724-00101001\\output.log: INFO: [common_methods.py: 312]   content : \nC:\\ATS\\testcases\\ats_result\\tmp\\20171205_102724-00101001\\output.log: INFO: [common_methods.py: 308]   {\nC:\\ATS\\testcases\\ats_result\\tmp\\20171205_102724-00101001\\output.log: INFO: [common_methods.py: 324]     code : 0\nC:\\ATS\\testcases\\ats_result\\tmp\\20171205_102724-00101001\\output.log: INFO: [common_methods.py: 324]     method : dm_get_devices_by_room\nC:\\ATS\\testcases\\ats_result\\tmp\\20171205_102724-00101001\\output.log: INFO: [common_methods.py: 324]     msg : success\nC:\\ATS\\testcases\\ats_result\\tmp\\20171205_102724-00101001\\output.log: INFO: [common_methods.py: 324]     req_id : no_need\nC:\\ATS\\testcases\\ats_result\\tmp\\20171205_102724-00101001\\output.log: INFO: [common_methods.py: 312]     result : \nC:\\ATS\\testcases\\ats_result\\tmp\\20171205_102724-00101001\\output.log: INFO: [common_methods.py: 308]     {\nC:\\ATS\\testcases\\ats_result\\tmp\\20171205_102724-00101001\\output.log: INFO: [common_methods.py: 352]       family_id : 4044------------------------------------------------------------------------------actuality only\nC:\\ATS\\testcases\\ats_result\\tmp\\20171205_102724-00101001\\output.log: INFO: [common_methods.py: 260]       [\nC:\\ATS\\testcases\\ats_result\\tmp\\20171205_102724-00101001\\output.log: INFO: [common_methods.py: 308]         {\nC:\\ATS\\testcases\\ats_result\\tmp\\20171205_102724-00101001\\output.log: INFO: [common_methods.py: 333]           attribute : ------------------------------------------------------------------------------expected only\nC:\\ATS\\testcases\\ats_result\\tmp\\20171205_102724-00101001\\output.log: INFO: [common_methods.py: 308]           {\nC:\\ATS\\testcases\\ats_result\\tmp\\20171205_102724-00101001\\output.log: INFO: [common_methods.py: 340]             connectivity : online-------------------------------------------------------------------expected only\nC:\\ATS\\testcases\\ats_result\\tmp\\20171205_102724-00101001\\output.log: INFO: [common_methods.py: 354]           }\nC:\\ATS\\testcases\\ats_result\\tmp\\20171205_102724-00101001\\output.log: INFO: [common_methods.py: 340]           created_at : no_need----------------------------------------------------------------------expected only\nC:\\ATS\\testcases\\ats_result\\tmp\\20171205_102724-00101001\\output.log: INFO: [common_methods.py: 340]           default_device_name : no_need-------------------------------------------------------------expected only\nC:\\ATS\\testcases\\ats_result\\tmp\\20171205_102724-00101001\\output.log: INFO: [common_methods.py: 340]           device_category_id : 1--------------------------------------------------------------------expected only\nC:\\ATS\\testcases\\ats_result\\tmp\\20171205_102724-00101001\\output.log: INFO: [common_methods.py: 340]           device_id : no_need-----------------------------------------------------------------------expected only\nC:\\ATS\\testcases\\ats_result\\tmp\\20171205_102724-00101001\\output.log: INFO: [common_methods.py: 340]           device_name : \xe6\x9f\x9c\xe5\xbc\x8f\xe7\xa9\xba\xe8\xb0\x83------------------------------------------------------------------------expected only\nC:\\ATS\\testcases\\ats_result\\tmp\\20171205_102724-00101001\\output.log: INFO: [common_methods.py: 340]           device_uuid : no_need---------------------------------------------------------------------expected only\nC:\\ATS\\testcases\\ats_result\\tmp\\20171205_102724-00101001\\output.log: INFO: [common_methods.py: 340]           family_id : 4044--------------------------------------------------------------------------expected only\nC:\\ATS\\testcases\\ats_result\\tmp\\20171205_102724-00101001\\output.log: INFO: [common_methods.py: 340]           room_id : 2-------------------------------------------------------------------------------expected only\nC:\\ATS\\testcases\\ats_result\\tmp\\20171205_102724-00101001\\output.log: INFO: [common_methods.py: 340]           updated_at : no_need----------------------------------------------------------------------expected only\nC:\\ATS\\testcases\\ats_result\\tmp\\20171205_102724-00101001\\output.log: INFO: [common_methods.py: 354]         }\nC:\\ATS\\testcases\\ats_result\\tmp\\20171205_102724-00101001\\output.log: INFO: [common_methods.py: 303]       ]\nC:\\ATS\\testcases\\ats_result\\tmp\\20171205_102724-00101001\\output.log: INFO: [common_methods.py: 324]       more : 0\nC:\\ATS\\testcases\\ats_result\\tmp\\20171205_102724-00101001\\output.log: INFO: [common_methods.py: 324]       user_id : 4043\nC:\\ATS\\testcases\\ats_result\\tmp\\20171205_102724-00101001\\output.log: INFO: [common_methods.py: 354]     }\nC:\\ATS\\testcases\\ats_result\\tmp\\20171205_102724-00101001\\output.log: INFO: [common_methods.py: 324]     timestamp : no_need\nC:\\ATS\\testcases\\ats_result\\tmp\\20171205_102724-00101001\\output.log: INFO: [common_methods.py: 354]   }\nC:\\ATS\\testcases\\ats_result\\tmp\\20171205_102724-00101001\\output.log: INFO: [common_methods.py: 324]   encry : no_need\nC:\\ATS\\testcases\\ats_result\\tmp\\20171205_102724-00101001\\output.log: INFO: [common_methods.py: 324]   uuid : no_need\nC:\\ATS\\testcases\\ats_result\\tmp\\20171205_102724-00101001\\output.log: INFO: [common_methods.py: 354] }\nC:\\ATS\\testcases\\ats_result\\tmp\\20171205_102724-00101001\\output.log: ERROR: [common_methods.py: 359] template != target\nC:\\ATS\\testcases\\ats_result\\tmp\\20171205_102724-00101001\\output.log: INFO: [my_socket.py: 267] client send data: {"content": {"timestamp": 123121211, "params": {"family_id": 4044, "user_id": 4043, "room_id": 3, "page": {"begin": 0, "size": 10}, "device_category_id": 0}, "method": "dm_get_devices_by_room", "req_id": 123}, "encry": "false", "uuid": "111"}\n\nC:\\ATS\\testcases\\ats_result\\tmp\\20171205_102724-00101001\\output.log: INFO: [my_socket.py: 227] client get data: \'{"uuid":"00fbfca7bf0000000000000001021717", "encry":"false", "content":{"method":"dm_get_devices_by_room","req_id":123,"timestamp":978314307,"msg":"success","code":0,"result":{"family_id":4044,"user_id":4043,"list":[ ],"more":0}}}\\n\'\nC:\\ATS\\testcases\\ats_result\\tmp\\20171205_102724-00101001\\output.log: INFO: [common_methods.py: 369] 1 package found!\nC:\\ATS\\testcases\\ats_result\\tmp\\20171205_102724-00101001\\output.log: INFO: [common_methods.py: 371] keywords are: [\'dm_get_devices_by_room\', \'result\']\nC:\\ATS\\testcases\\ats_result\\tmp\\20171205_102724-00101001\\output.log: DEBUG: [common_methods.py: 374] use: dm_get_devices_by_room to select packages...\nC:\\ATS\\testcases\\ats_result\\tmp\\20171205_102724-00101001\\output.log: INFO: [common_methods.py: 377] 1 package left!\nC:\\ATS\\testcases\\ats_result\\tmp\\20171205_102724-00101001\\output.log: DEBUG: [common_methods.py: 374] use: result to select packages...\nC:\\ATS\\testcases\\ats_result\\tmp\\20171205_102724-00101001\\output.log: INFO: [common_methods.py: 377] 1 package left!\nC:\\ATS\\testcases\\ats_result\\tmp\\20171205_102724-00101001\\output.log: DEBUG: [common_methods.py: 381] use: mdp_msg to exclude packages...\nC:\\ATS\\testcases\\ats_result\\tmp\\20171205_102724-00101001\\output.log: INFO: [common_methods.py: 384] 1 package left!\nC:\\ATS\\testcases\\ats_result\\tmp\\20171205_102724-00101001\\output.log: WARNING: [ats_00101001_get_device_list_by_room_test.py: 137] {\n    "content": {\n        "code": 0,\n        "method": "dm_get_devices_by_room",\n        "msg": "success",\n        "req_id": 123,\n        "result": {\n            "family_id": 4044,\n            "list": [],\n            "more": 0,\n            "user_id": 4043\n        },\n        "timestamp": 978314307\n    },\n    "encry": "false",\n    "uuid": "00fbfca7bf0000000000000001021717"\n}\nC:\\ATS\\testcases\\ats_result\\tmp\\20171205_102724-00101001\\output.log: DEBUG: [ats_00101001_get_device_list_by_room_test.py: 138] {\n    "content": {\n        "code": 0,\n        "method": "dm_get_devices_by_room",\n        "msg": "success",\n        "req_id": 123,\n        "result": {\n            "family_id": 4044,\n            "list": [],\n            "more": 0,\n            "user_id": 4043\n        },\n        "timestamp": 978314307\n    },\n    "encry": "false",\n    "uuid": "00fbfca7bf0000000000000001021717"\n}\nC:\\ATS\\testcases\\ats_result\\tmp\\20171205_102724-00101001\\output.log: INFO: [common_methods.py: 308] {\nC:\\ATS\\testcases\\ats_result\\tmp\\20171205_102724-00101001\\output.log: INFO: [common_methods.py: 312]   content : \nC:\\ATS\\testcases\\ats_result\\tmp\\20171205_102724-00101001\\output.log: INFO: [common_methods.py: 308]   {\nC:\\ATS\\testcases\\ats_result\\tmp\\20171205_102724-00101001\\output.log: INFO: [common_methods.py: 324]     code : 0\nC:\\ATS\\testcases\\ats_result\\tmp\\20171205_102724-00101001\\output.log: INFO: [common_methods.py: 324]     method : dm_get_devices_by_room\nC:\\ATS\\testcases\\ats_result\\tmp\\20171205_102724-00101001\\output.log: INFO: [common_methods.py: 324]     msg : success\nC:\\ATS\\testcases\\ats_result\\tmp\\20171205_102724-00101001\\output.log: INFO: [common_methods.py: 324]     req_id : no_need\nC:\\ATS\\testcases\\ats_result\\tmp\\20171205_102724-00101001\\output.log: INFO: [common_methods.py: 312]     result : \nC:\\ATS\\testcases\\ats_result\\tmp\\20171205_102724-00101001\\output.log: INFO: [common_methods.py: 308]     {\nC:\\ATS\\testcases\\ats_result\\tmp\\20171205_102724-00101001\\output.log: INFO: [common_methods.py: 352]       family_id : 4044------------------------------------------------------------------------------actuality only\nC:\\ATS\\testcases\\ats_result\\tmp\\20171205_102724-00101001\\output.log: INFO: [common_methods.py: 260]       [\nC:\\ATS\\testcases\\ats_result\\tmp\\20171205_102724-00101001\\output.log: INFO: [common_methods.py: 308]         {\nC:\\ATS\\testcases\\ats_result\\tmp\\20171205_102724-00101001\\output.log: INFO: [common_methods.py: 333]           attribute : ------------------------------------------------------------------------------expected only\nC:\\ATS\\testcases\\ats_result\\tmp\\20171205_102724-00101001\\output.log: INFO: [common_methods.py: 308]           {\nC:\\ATS\\testcases\\ats_result\\tmp\\20171205_102724-00101001\\output.log: INFO: [common_methods.py: 340]             b : no_need-----------------------------------------------------------------------------expected only\nC:\\ATS\\testcases\\ats_result\\tmp\\20171205_102724-00101001\\output.log: INFO: [common_methods.py: 340]             connectivity : no_need------------------------------------------------------------------expected only\nC:\\ATS\\testcases\\ats_result\\tmp\\20171205_102724-00101001\\output.log: INFO: [common_methods.py: 340]             g : no_need-----------------------------------------------------------------------------expected only\nC:\\ATS\\testcases\\ats_result\\tmp\\20171205_102724-00101001\\output.log: INFO: [common_methods.py: 340]             hue : no_need---------------------------------------------------------------------------expected only\nC:\\ATS\\testcases\\ats_result\\tmp\\20171205_102724-00101001\\output.log: INFO: [common_methods.py: 340]             level : no_need-------------------------------------------------------------------------expected only\nC:\\ATS\\testcases\\ats_result\\tmp\\20171205_102724-00101001\\output.log: INFO: [common_methods.py: 340]             mode : no_need--------------------------------------------------------------------------expected only\nC:\\ATS\\testcases\\ats_result\\tmp\\20171205_102724-00101001\\output.log: INFO: [common_methods.py: 340]             r : no_need-----------------------------------------------------------------------------expected only\nC:\\ATS\\testcases\\ats_result\\tmp\\20171205_102724-00101001\\output.log: INFO: [common_methods.py: 340]             saturation : no_need--------------------------------------------------------------------expected only\nC:\\ATS\\testcases\\ats_result\\tmp\\20171205_102724-00101001\\output.log: INFO: [common_methods.py: 340]             temperature : no_need-------------------------------------------------------------------expected only\nC:\\ATS\\testcases\\ats_result\\tmp\\20171205_102724-00101001\\output.log: INFO: [common_methods.py: 354]           }\nC:\\ATS\\testcases\\ats_result\\tmp\\20171205_102724-00101001\\output.log: INFO: [common_methods.py: 340]           created_at : no_need----------------------------------------------------------------------expected only\nC:\\ATS\\testcases\\ats_result\\tmp\\20171205_102724-00101001\\output.log: INFO: [common_methods.py: 340]           default_device_name : no_need-------------------------------------------------------------expected only\nC:\\ATS\\testcases\\ats_result\\tmp\\20171205_102724-00101001\\output.log: INFO: [common_methods.py: 340]           device_category_id : 5--------------------------------------------------------------------expected only\nC:\\ATS\\testcases\\ats_result\\tmp\\20171205_102724-00101001\\output.log: INFO: [common_methods.py: 340]           device_id : no_need-----------------------------------------------------------------------expected only\nC:\\ATS\\testcases\\ats_result\\tmp\\20171205_102724-00101001\\output.log: INFO: [common_methods.py: 340]           device_name : \xe4\xbd\x9b\xe7\x85\xa7\xe5\xb0\x84\xe7\x81\xaf------------------------------------------------------------------------expected only\nC:\\ATS\\testcases\\ats_result\\tmp\\20171205_102724-00101001\\output.log: INFO: [common_methods.py: 340]           device_uuid : no_need---------------------------------------------------------------------expected only\nC:\\ATS\\testcases\\ats_result\\tmp\\20171205_102724-00101001\\output.log: INFO: [common_methods.py: 340]           family_id : 4044--------------------------------------------------------------------------expected only\nC:\\ATS\\testcases\\ats_result\\tmp\\20171205_102724-00101001\\output.log: INFO: [common_methods.py: 340]           room_id : 3-------------------------------------------------------------------------------expected only\nC:\\ATS\\testcases\\ats_result\\tmp\\20171205_102724-00101001\\output.log: INFO: [common_methods.py: 340]           updated_at : no_need----------------------------------------------------------------------expected only\nC:\\ATS\\testcases\\ats_result\\tmp\\20171205_102724-00101001\\output.log: INFO: [common_methods.py: 354]         }\nC:\\ATS\\testcases\\ats_result\\tmp\\20171205_102724-00101001\\output.log: INFO: [common_methods.py: 303]       ]\nC:\\ATS\\testcases\\ats_result\\tmp\\20171205_102724-00101001\\output.log: INFO: [common_methods.py: 324]       more : 0\nC:\\ATS\\testcases\\ats_result\\tmp\\20171205_102724-00101001\\output.log: INFO: [common_methods.py: 324]       user_id : 4043\nC:\\ATS\\testcases\\ats_result\\tmp\\20171205_102724-00101001\\output.log: INFO: [common_methods.py: 354]     }\nC:\\ATS\\testcases\\ats_result\\tmp\\20171205_102724-00101001\\output.log: INFO: [common_methods.py: 324]     timestamp : no_need\nC:\\ATS\\testcases\\ats_result\\tmp\\20171205_102724-00101001\\output.log: INFO: [common_methods.py: 354]   }\nC:\\ATS\\testcases\\ats_result\\tmp\\20171205_102724-00101001\\output.log: INFO: [common_methods.py: 324]   encry : no_need\nC:\\ATS\\testcases\\ats_result\\tmp\\20171205_102724-00101001\\output.log: INFO: [common_methods.py: 324]   uuid : no_need\nC:\\ATS\\testcases\\ats_result\\tmp\\20171205_102724-00101001\\output.log: INFO: [common_methods.py: 354] }\nC:\\ATS\\testcases\\ats_result\\tmp\\20171205_102724-00101001\\output.log: ERROR: [common_methods.py: 359] template != target\nC:\\ATS\\testcases\\ats_result\\tmp\\20171205_102724-00101001\\output.log: ERROR: [framework.py: 80] msg check failed!\n--------------------- >> end captured logging << ---------------------']]></failure></testcase><testcase classname="ats_00101002_add_device_wifi_test.Test" name="test" time="31.911"><failure type="exceptions.AssertionError" message="0 != 1&#10;-------------------- &gt;&gt; begin captured logging &lt;&lt; --------------------&#10;C:\ATS\testcases\ats_result\tmp\20171205_102807-00101002\output.log: DEBUG: [my_serial.py: 58] port: COM5 open success&#10;C:\ATS\testcases\ats_result\tmp\20171205_102807-00101002\output.log: INFO: [my_socket.py: 196] Connection setup suceess!&#10;C:\ATS\testcases\ats_result\tmp\20171205_102807-00101002\output.log: INFO: [my_socket.py: 267] client send data: {&quot;content&quot;: {&quot;timestamp&quot;: 123456789, &quot;params&quot;: {&quot;family_id&quot;: 4044, &quot;user_id&quot;: 4043, &quot;device_uuid&quot;: &quot;000e83c6c10000000000000002020159&quot;}, &quot;method&quot;: &quot;dm_del_device&quot;, &quot;req_id&quot;: 123}, &quot;encry&quot;: &quot;false&quot;, &quot;uuid&quot;: &quot;111&quot;}&#10;&#10;C:\ATS\testcases\ats_result\tmp\20171205_102807-00101002\output.log: INFO: [my_socket.py: 227] client get data: '{&quot;uuid&quot;:&quot;00fbfca7bf0000000000000001021717&quot;, &quot;encry&quot;:&quot;false&quot;, &quot;content&quot;:{&quot;method&quot;:&quot;dm_del_device&quot;,&quot;timestamp&quot;:978314329,&quot;req_id&quot;:123,&quot;msg&quot;:&quot;success&quot;,&quot;code&quot;:0,&quot;result&quot;:{&quot;device_uuid&quot;:&quot;000e83c6c10000000000000002020159&quot;,&quot;user_id&quot;:4043,&quot;device_id&quot;:33685849,&quot;family_id&quot;:4044,&quot;user_id&quot;:4043}}}\n'&#10;C:\ATS\testcases\ats_result\tmp\20171205_102807-00101002\output.log: INFO: [my_socket.py: 227] client get data: '{&quot;uuid&quot;:&quot;00fbfca7bf0000000000000001021717&quot;, &quot;encry&quot;:&quot;false&quot;, &quot;content&quot;:{&quot;method&quot;:&quot;mdp_msg&quot;,&quot;req_id&quot;:70,&quot;timestamp&quot;:978314329,&quot;params&quot;:{&quot;msg_type&quot;:&quot;R2F&quot;,&quot;target_id&quot;:4044,&quot;content&quot;:{&quot;method&quot;:&quot;dm_del_device&quot;,&quot;timestamp&quot;:978314329,&quot;req_id&quot;:123,&quot;msg&quot;:&quot;success&quot;,&quot;code&quot;:0,&quot;result&quot;:{&quot;device_uuid&quot;:&quot;000e83c6c10000000000000002020159&quot;,&quot;user_id&quot;:4043,&quot;device_id&quot;:33685849,&quot;family_id&quot;:4044,&quot;user_id&quot;:4043}}}}}\n'&#10;C:\ATS\testcases\ats_result\tmp\20171205_102807-00101002\output.log: INFO: [common_methods.py: 369] 2 package found!&#10;C:\ATS\testcases\ats_result\tmp\20171205_102807-00101002\output.log: INFO: [common_methods.py: 371] keywords are: ['dm_del_device', 'success']&#10;C:\ATS\testcases\ats_result\tmp\20171205_102807-00101002\output.log: DEBUG: [common_methods.py: 374] use: dm_del_device to select packages...&#10;C:\ATS\testcases\ats_result\tmp\20171205_102807-00101002\output.log: INFO: [common_methods.py: 377] 2 package left!&#10;C:\ATS\testcases\ats_result\tmp\20171205_102807-00101002\output.log: DEBUG: [common_methods.py: 374] use: success to select packages...&#10;C:\ATS\testcases\ats_result\tmp\20171205_102807-00101002\output.log: INFO: [common_methods.py: 377] 2 package left!&#10;C:\ATS\testcases\ats_result\tmp\20171205_102807-00101002\output.log: DEBUG: [common_methods.py: 381] use: mdp_msg to exclude packages...&#10;C:\ATS\testcases\ats_result\tmp\20171205_102807-00101002\output.log: INFO: [common_methods.py: 384] 1 package left!&#10;C:\ATS\testcases\ats_result\tmp\20171205_102807-00101002\output.log: INFO: [ats_00101002_add_device_wifi_test.py: 40] Delete device already success!&#10;C:\ATS\testcases\ats_result\tmp\20171205_102807-00101002\output.log: INFO: [my_socket.py: 267] client send data: {&quot;content&quot;: {&quot;timestamp&quot;: 1490229730, &quot;params&quot;: {&quot;device_category_id&quot;: 1, &quot;user_id&quot;: 4043, &quot;room_id&quot;: 1, &quot;family_id&quot;: 4044}, &quot;method&quot;: &quot;dm_add_device&quot;, &quot;req_id&quot;: 123}, &quot;encry&quot;: &quot;false&quot;, &quot;uuid&quot;: &quot;111&quot;}&#10;&#10;C:\ATS\testcases\ats_result\tmp\20171205_102807-00101002\output.log: DEBUG: [my_serial.py: 58] port: COM3 open success&#10;C:\ATS\testcases\ats_result\tmp\20171205_102807-00101002\output.log: ERROR: [framework.py: 80] timeout, server no response!&#10;--------------------- &gt;&gt; end captured logging &lt;&lt; ---------------------"><![CDATA[  File "C:\Python27\lib\unittest\case.py", line 318, in run
    testMethod()
  File "C:\Python27\lib\site-packages\nose-1.3.7-py2.7.egg\nose\case.py", line 197, in runTest
    self.test(*self.arg)
  File "C:\ATS\framework\framework.py", line 61, in test
    assert_equal(0, result)
  File "C:\Python27\lib\unittest\case.py", line 494, in assertEqual
    assertion_func(first, second, msg=msg)
  File "C:\Python27\lib\unittest\case.py", line 487, in _baseAssertEqual
    raise self.failureException(msg)
'0 != 1\n-------------------- >> begin captured logging << --------------------\nC:\\ATS\\testcases\\ats_result\\tmp\\20171205_102807-00101002\\output.log: DEBUG: [my_serial.py: 58] port: COM5 open success\nC:\\ATS\\testcases\\ats_result\\tmp\\20171205_102807-00101002\\output.log: INFO: [my_socket.py: 196] Connection setup suceess!\nC:\\ATS\\testcases\\ats_result\\tmp\\20171205_102807-00101002\\output.log: INFO: [my_socket.py: 267] client send data: {"content": {"timestamp": 123456789, "params": {"family_id": 4044, "user_id": 4043, "device_uuid": "000e83c6c10000000000000002020159"}, "method": "dm_del_device", "req_id": 123}, "encry": "false", "uuid": "111"}\n\nC:\\ATS\\testcases\\ats_result\\tmp\\20171205_102807-00101002\\output.log: INFO: [my_socket.py: 227] client get data: \'{"uuid":"00fbfca7bf0000000000000001021717", "encry":"false", "content":{"method":"dm_del_device","timestamp":978314329,"req_id":123,"msg":"success","code":0,"result":{"device_uuid":"000e83c6c10000000000000002020159","user_id":4043,"device_id":33685849,"family_id":4044,"user_id":4043}}}\\n\'\nC:\\ATS\\testcases\\ats_result\\tmp\\20171205_102807-00101002\\output.log: INFO: [my_socket.py: 227] client get data: \'{"uuid":"00fbfca7bf0000000000000001021717", "encry":"false", "content":{"method":"mdp_msg","req_id":70,"timestamp":978314329,"params":{"msg_type":"R2F","target_id":4044,"content":{"method":"dm_del_device","timestamp":978314329,"req_id":123,"msg":"success","code":0,"result":{"device_uuid":"000e83c6c10000000000000002020159","user_id":4043,"device_id":33685849,"family_id":4044,"user_id":4043}}}}}\\n\'\nC:\\ATS\\testcases\\ats_result\\tmp\\20171205_102807-00101002\\output.log: INFO: [common_methods.py: 369] 2 package found!\nC:\\ATS\\testcases\\ats_result\\tmp\\20171205_102807-00101002\\output.log: INFO: [common_methods.py: 371] keywords are: [\'dm_del_device\', \'success\']\nC:\\ATS\\testcases\\ats_result\\tmp\\20171205_102807-00101002\\output.log: DEBUG: [common_methods.py: 374] use: dm_del_device to select packages...\nC:\\ATS\\testcases\\ats_result\\tmp\\20171205_102807-00101002\\output.log: INFO: [common_methods.py: 377] 2 package left!\nC:\\ATS\\testcases\\ats_result\\tmp\\20171205_102807-00101002\\output.log: DEBUG: [common_methods.py: 374] use: success to select packages...\nC:\\ATS\\testcases\\ats_result\\tmp\\20171205_102807-00101002\\output.log: INFO: [common_methods.py: 377] 2 package left!\nC:\\ATS\\testcases\\ats_result\\tmp\\20171205_102807-00101002\\output.log: DEBUG: [common_methods.py: 381] use: mdp_msg to exclude packages...\nC:\\ATS\\testcases\\ats_result\\tmp\\20171205_102807-00101002\\output.log: INFO: [common_methods.py: 384] 1 package left!\nC:\\ATS\\testcases\\ats_result\\tmp\\20171205_102807-00101002\\output.log: INFO: [ats_00101002_add_device_wifi_test.py: 40] Delete device already success!\nC:\\ATS\\testcases\\ats_result\\tmp\\20171205_102807-00101002\\output.log: INFO: [my_socket.py: 267] client send data: {"content": {"timestamp": 1490229730, "params": {"device_category_id": 1, "user_id": 4043, "room_id": 1, "family_id": 4044}, "method": "dm_add_device", "req_id": 123}, "encry": "false", "uuid": "111"}\n\nC:\\ATS\\testcases\\ats_result\\tmp\\20171205_102807-00101002\\output.log: DEBUG: [my_serial.py: 58] port: COM3 open success\nC:\\ATS\\testcases\\ats_result\\tmp\\20171205_102807-00101002\\output.log: ERROR: [framework.py: 80] timeout, server no response!\n--------------------- >> end captured logging << ---------------------']]></failure></testcase><testcase classname="ats_00101003_add_device_zigbee_test.Test" name="test" time="82.148"><failure type="exceptions.AssertionError" message="0 != 1&#10;-------------------- &gt;&gt; begin captured logging &lt;&lt; --------------------&#10;C:\ATS\testcases\ats_result\tmp\20171205_102839-00101003\output.log: DEBUG: [my_serial.py: 58] port: COM5 open success&#10;C:\ATS\testcases\ats_result\tmp\20171205_102839-00101003\output.log: INFO: [my_socket.py: 196] Connection setup suceess!&#10;C:\ATS\testcases\ats_result\tmp\20171205_102839-00101003\output.log: INFO: [my_socket.py: 267] client send data: {&quot;content&quot;: {&quot;timestamp&quot;: 123456789, &quot;params&quot;: {&quot;family_id&quot;: 4044, &quot;user_id&quot;: 4043, &quot;device_uuid&quot;: &quot;050000000200000142810b11004b1200&quot;}, &quot;method&quot;: &quot;dm_del_device&quot;, &quot;req_id&quot;: 123}, &quot;encry&quot;: &quot;false&quot;, &quot;uuid&quot;: &quot;111&quot;}&#10;&#10;C:\ATS\testcases\ats_result\tmp\20171205_102839-00101003\output.log: INFO: [my_socket.py: 227] client get data: '{&quot;uuid&quot;:&quot;00fbfca7bf0000000000000001021717&quot;, &quot;encry&quot;:&quot;false&quot;, &quot;content&quot;:{&quot;method&quot;: &quot;dm_del_device&quot;,&quot;code&quot;:0,&quot;msg&quot;:&quot;success&quot;,&quot;timestamp&quot;:978314359,&quot;req_id&quot;:123,&quot;result&quot;: {&quot;family_id&quot;: 4044,&quot;device_id&quot;: 98142167699712,&quot;user_id&quot;: 4043,&quot;device_uuid&quot;:&quot;050000000200000142810b11004b1200&quot;,&quot;status&quot;:&quot;removed&quot;}}}\n'&#10;C:\ATS\testcases\ats_result\tmp\20171205_102839-00101003\output.log: INFO: [my_socket.py: 227] client get data: '{&quot;uuid&quot;:&quot;00fbfca7bf0000000000000001021717&quot;, &quot;encry&quot;:&quot;false&quot;, &quot;content&quot;:{&quot;method&quot;:&quot;mdp_msg&quot;,&quot;req_id&quot;:73,&quot;timestamp&quot;:978314359,&quot;params&quot;:{&quot;msg_type&quot;:&quot;R2F&quot;,&quot;target_id&quot;:4044,&quot;content&quot;:{&quot;method&quot;: &quot;dm_del_device&quot;,&quot;code&quot;:0,&quot;msg&quot;:&quot;success&quot;,&quot;timestamp&quot;:978314359,&quot;req_id&quot;:123,&quot;result&quot;: {&quot;family_id&quot;: 4044,&quot;device_id&quot;: 98142167699712,&quot;user_id&quot;: 4043,&quot;device_uuid&quot;:&quot;050000000200000142810b11004b1200&quot;,&quot;status&quot;:&quot;removed&quot;}}}}}\n'&#10;C:\ATS\testcases\ats_result\tmp\20171205_102839-00101003\output.log: INFO: [common_methods.py: 369] 2 package found!&#10;C:\ATS\testcases\ats_result\tmp\20171205_102839-00101003\output.log: INFO: [common_methods.py: 371] keywords are: ['dm_del_device', 'success']&#10;C:\ATS\testcases\ats_result\tmp\20171205_102839-00101003\output.log: DEBUG: [common_methods.py: 374] use: dm_del_device to select packages...&#10;C:\ATS\testcases\ats_result\tmp\20171205_102839-00101003\output.log: INFO: [common_methods.py: 377] 2 package left!&#10;C:\ATS\testcases\ats_result\tmp\20171205_102839-00101003\output.log: DEBUG: [common_methods.py: 374] use: success to select packages...&#10;C:\ATS\testcases\ats_result\tmp\20171205_102839-00101003\output.log: INFO: [common_methods.py: 377] 2 package left!&#10;C:\ATS\testcases\ats_result\tmp\20171205_102839-00101003\output.log: DEBUG: [common_methods.py: 381] use: mdp_msg to exclude packages...&#10;C:\ATS\testcases\ats_result\tmp\20171205_102839-00101003\output.log: INFO: [common_methods.py: 384] 1 package left!&#10;C:\ATS\testcases\ats_result\tmp\20171205_102839-00101003\output.log: INFO: [ats_00101003_add_device_zigbee_test.py: 41] Delete device already success!&#10;C:\ATS\testcases\ats_result\tmp\20171205_102839-00101003\output.log: INFO: [my_socket.py: 267] client send data: {&quot;content&quot;: {&quot;timestamp&quot;: 1490229730, &quot;params&quot;: {&quot;device_category_id&quot;: 5, &quot;user_id&quot;: 4043, &quot;room_id&quot;: 1, &quot;family_id&quot;: 4044}, &quot;method&quot;: &quot;dm_add_device&quot;, &quot;req_id&quot;: 123}, &quot;encry&quot;: &quot;false&quot;, &quot;uuid&quot;: &quot;111&quot;}&#10;&#10;C:\ATS\testcases\ats_result\tmp\20171205_102839-00101003\output.log: DEBUG: [my_serial.py: 125] To open robot...&#10;C:\ATS\testcases\ats_result\tmp\20171205_102839-00101003\output.log: DEBUG: [my_serial.py: 58] port: COM9 open success&#10;C:\ATS\testcases\ats_result\tmp\20171205_102839-00101003\output.log: DEBUG: [my_serial.py: 134] To close robot...&#10;C:\ATS\testcases\ats_result\tmp\20171205_102839-00101003\output.log: DEBUG: [my_serial.py: 58] port: COM9 open success&#10;C:\ATS\testcases\ats_result\tmp\20171205_102839-00101003\output.log: DEBUG: [my_serial.py: 125] To open robot...&#10;C:\ATS\testcases\ats_result\tmp\20171205_102839-00101003\output.log: DEBUG: [my_serial.py: 58] port: COM9 open success&#10;C:\ATS\testcases\ats_result\tmp\20171205_102839-00101003\output.log: DEBUG: [my_serial.py: 134] To close robot...&#10;C:\ATS\testcases\ats_result\tmp\20171205_102839-00101003\output.log: DEBUG: [my_serial.py: 58] port: COM9 open success&#10;C:\ATS\testcases\ats_result\tmp\20171205_102839-00101003\output.log: DEBUG: [my_serial.py: 125] To open robot...&#10;C:\ATS\testcases\ats_result\tmp\20171205_102839-00101003\output.log: DEBUG: [my_serial.py: 58] port: COM9 open success&#10;C:\ATS\testcases\ats_result\tmp\20171205_102839-00101003\output.log: DEBUG: [my_serial.py: 134] To close robot...&#10;C:\ATS\testcases\ats_result\tmp\20171205_102839-00101003\output.log: DEBUG: [my_serial.py: 58] port: COM9 open success&#10;C:\ATS\testcases\ats_result\tmp\20171205_102839-00101003\output.log: DEBUG: [my_serial.py: 125] To open robot...&#10;C:\ATS\testcases\ats_result\tmp\20171205_102839-00101003\output.log: DEBUG: [my_serial.py: 58] port: COM9 open success&#10;C:\ATS\testcases\ats_result\tmp\20171205_102839-00101003\output.log: DEBUG: [my_serial.py: 134] To close robot...&#10;C:\ATS\testcases\ats_result\tmp\20171205_102839-00101003\output.log: DEBUG: [my_serial.py: 58] port: COM9 open success&#10;C:\ATS\testcases\ats_result\tmp\20171205_102839-00101003\output.log: DEBUG: [my_serial.py: 125] To open robot...&#10;C:\ATS\testcases\ats_result\tmp\20171205_102839-00101003\output.log: DEBUG: [my_serial.py: 58] port: COM9 open success&#10;C:\ATS\testcases\ats_result\tmp\20171205_102839-00101003\output.log: DEBUG: [my_serial.py: 134] To close robot...&#10;C:\ATS\testcases\ats_result\tmp\20171205_102839-00101003\output.log: DEBUG: [my_serial.py: 58] port: COM9 open success&#10;C:\ATS\testcases\ats_result\tmp\20171205_102839-00101003\output.log: DEBUG: [my_serial.py: 125] To open robot...&#10;C:\ATS\testcases\ats_result\tmp\20171205_102839-00101003\output.log: DEBUG: [my_serial.py: 58] port: COM9 open success&#10;C:\ATS\testcases\ats_result\tmp\20171205_102839-00101003\output.log: DEBUG: [my_serial.py: 134] To close robot...&#10;C:\ATS\testcases\ats_result\tmp\20171205_102839-00101003\output.log: DEBUG: [my_serial.py: 58] port: COM9 open success&#10;C:\ATS\testcases\ats_result\tmp\20171205_102839-00101003\output.log: INFO: [my_socket.py: 227] client get data: '{&quot;uuid&quot;:&quot;00fbfca7bf0000000000000001021717&quot;, &quot;encry&quot;:&quot;false&quot;, &quot;content&quot;:{&quot;method&quot;: &quot;dm_add_device&quot;,&quot;timestamp&quot;:978314401,&quot;req_id&quot;:123,&quot;msg&quot;: &quot;success&quot;,&quot;msg_code&quot;: 0,&quot;code&quot;: 0,&quot;result&quot;: {&quot;device_uuid&quot;:&quot;050000000200000142810b11004b1200&quot;,&quot;bussiness_user_id&quot;: 0,&quot;device_name&quot;:&quot;\xe4\xbd\x9b\xe7\x85\xa7\xe5\xb0\x84\xe7\x81\xaf&quot;,&quot;family_id&quot;: 4044,&quot;room_id&quot;:1 ,&quot;user_id&quot;: 4043,&quot;room_name&quot;:&quot;\xe5\xae\xa2\xe5\x8e\x85&quot;,&quot;device_category_id&quot;:5,&quot;device_id&quot;:98142167699712,&quot;create_at&quot;:978314401,&quot;update_at&quot;:978314401,&quot;attribute&quot;:{&quot;temperature&quot;:65535,&quot;r&quot;:0,&quot;g&quot;:0,&quot;b&quot;:0,&quot;hue&quot;:255,&quot;sa'&#10;C:\ATS\testcases\ats_result\tmp\20171205_102839-00101003\output.log: INFO: [my_socket.py: 227] client get data: 'turation&quot;:255,&quot;mode&quot;:&quot;on&quot;,&quot;level&quot;:255,&quot;connectivity&quot;: &quot;online&quot;}}}}\n'&#10;C:\ATS\testcases\ats_result\tmp\20171205_102839-00101003\output.log: INFO: [my_socket.py: 227] client get data: '{&quot;uuid&quot;:&quot;00fbfca7bf0000000000000001021717&quot;, &quot;encry&quot;:&quot;false&quot;, &quot;content&quot;:{&quot;method&quot;:&quot;mdp_msg&quot;,&quot;req_id&quot;:74,&quot;timestamp&quot;:978314401,&quot;params&quot;:{&quot;msg_type&quot;:&quot;R2F&quot;,&quot;target_id&quot;:4044,&quot;content&quot;:{&quot;method&quot;: &quot;dm_add_device&quot;,&quot;timestamp&quot;:978314401,&quot;req_id&quot;:123,&quot;msg&quot;: &quot;success&quot;,&quot;msg_code&quot;: 0,&quot;code&quot;: 0,&quot;result&quot;: {&quot;device_uuid&quot;:&quot;050000000200000142810b11004b1200&quot;,&quot;bussiness_user_id&quot;: 0,&quot;device_name&quot;:&quot;\xe4\xbd\x9b\xe7\x85\xa7\xe5\xb0\x84\xe7\x81\xaf&quot;,&quot;family_id&quot;: 4044,&quot;room_id&quot;:1 ,&quot;user_id&quot;: 4043,&quot;room_name&quot;:&quot;\xe5\xae\xa2\xe5\x8e\x85&quot;,&quot;device_category_id&quot;:5,&quot;device_id&quot;:98142167699712,'&#10;C:\ATS\testcases\ats_result\tmp\20171205_102839-00101003\output.log: INFO: [my_socket.py: 227] client get data: '&quot;create_at&quot;:978314401,&quot;update_at&quot;:978314401,&quot;attribute&quot;:{&quot;temperature&quot;:65535,&quot;r&quot;:0,&quot;g&quot;:0,&quot;b&quot;:0,&quot;hue&quot;:255,&quot;saturation&quot;:255,&quot;mode&quot;:&quot;on&quot;,&quot;level&quot;:255,&quot;connectivity&quot;: &quot;online&quot;}}}}}}\n'&#10;C:\ATS\testcases\ats_result\tmp\20171205_102839-00101003\output.log: INFO: [my_socket.py: 227] client get data: '{&quot;uuid&quot;:&quot;00fbfca7bf0000000000000001021717&quot;, &quot;encry&quot;:&quot;false&quot;, &quot;content&quot;:{&quot;method&quot;:&quot;mdp_msg&quot;,&quot;req_id&quot;:75,&quot;timestamp&quot;:978314401,&quot;params&quot;:{&quot;msg_type&quot;:&quot;R2F&quot;,&quot;target_id&quot;:4044,&quot;content&quot;:{&quot;method&quot;:&quot;dr_report_dev_status&quot;,&quot;result&quot;:{&quot;timestamp&quot;:978314401,&quot;family_id&quot;:4044,&quot;device_id&quot;:98142167699712,&quot;device_uuid&quot;:&quot;050000000200000142810b11004b1200&quot;,&quot;device_category_id&quot;:5,&quot;updated_at&quot;:978314401,&quot;status_modified_at&quot;: 978314401853,&quot;attribute&quot;:{&quot;temperature&quot;:65535,&quot;r&quot;:0,&quot;g&quot;:0,&quot;b&quot;:0,&quot;hue&quot;:255,&quot;saturation&quot;:255,&quot;mode&quot;:&quot;on&quot;,&quot;lev'&#10;C:\ATS\testcases\ats_result\tmp\20171205_102839-00101003\output.log: INFO: [my_socket.py: 227] client get data: 'el&quot;:254 ,&quot;connectivity&quot;: &quot;online&quot;}}}}}}\n'&#10;C:\ATS\testcases\ats_result\tmp\20171205_102839-00101003\output.log: INFO: [my_socket.py: 227] client get data: '{&quot;uuid&quot;:&quot;00fbfca7bf0000000000000001021717&quot;, &quot;encry&quot;:&quot;false&quot;, &quot;content&quot;:{&quot;method&quot;:&quot;mdp_msg&quot;,&quot;req_id&quot;:76,&quot;timestamp&quot;:978314402,&quot;params&quot;:{&quot;msg_type&quot;:&quot;R2F&quot;,&quot;target_id&quot;:4044,&quot;content&quot;:{&quot;method&quot;:&quot;dr_report_dev_status&quot;,&quot;result&quot;:{&quot;timestamp&quot;:978314402,&quot;family_id&quot;:4044,&quot;device_id&quot;:98142167699712,&quot;device_uuid&quot;:&quot;050000000200000142810b11004b1200&quot;,&quot;device_category_id&quot;:5,&quot;updated_at&quot;:978314402,&quot;status_modified_at&quot;: 978314402605,&quot;attribute&quot;:{&quot;temperature&quot;:65535,&quot;r&quot;:0,&quot;g&quot;:0,&quot;b&quot;:0,&quot;hue&quot;:255,&quot;saturation&quot;:255,&quot;mode&quot;:&quot;on&quot;,&quot;lev'&#10;C:\ATS\testcases\ats_result\tmp\20171205_102839-00101003\output.log: INFO: [my_socket.py: 227] client get data: 'el&quot;:254 ,&quot;connectivity&quot;: &quot;online&quot;}}}}}}\n'&#10;C:\ATS\testcases\ats_result\tmp\20171205_102839-00101003\output.log: INFO: [my_socket.py: 227] client get data: '{&quot;uuid&quot;:&quot;00fbfca7bf0000000000000001021717&quot;, &quot;encry&quot;:&quot;false&quot;, &quot;content&quot;:{&quot;method&quot;:&quot;mdp_msg&quot;,&quot;req_id&quot;:77,&quot;timestamp&quot;:978314402,&quot;params&quot;:{&quot;msg_type&quot;:&quot;R2F&quot;,&quot;target_id&quot;:4044,&quot;content&quot;:{&quot;method&quot;:&quot;dr_report_dev_status&quot;,&quot;result&quot;:{&quot;timestamp&quot;:978314402,&quot;family_id&quot;:4044,&quot;device_id&quot;:98142167699712,&quot;device_uuid&quot;:&quot;050000000200000142810b11004b1200&quot;,&quot;device_category_id&quot;:5,&quot;updated_at&quot;:978314402,&quot;status_modified_at&quot;: 978314402811,&quot;attribute&quot;:{&quot;temperature&quot;:65535,&quot;r&quot;:0,&quot;g&quot;:0,&quot;b&quot;:0,&quot;hue&quot;:255,&quot;saturation&quot;:255,&quot;mode&quot;:&quot;on&quot;,&quot;lev'&#10;C:\ATS\testcases\ats_result\tmp\20171205_102839-00101003\output.log: INFO: [my_socket.py: 227] client get data: 'el&quot;:254 ,&quot;connectivity&quot;: &quot;online&quot;}}}}}}\n'&#10;C:\ATS\testcases\ats_result\tmp\20171205_102839-00101003\output.log: INFO: [common_methods.py: 369] 5 package found!&#10;C:\ATS\testcases\ats_result\tmp\20171205_102839-00101003\output.log: INFO: [common_methods.py: 371] keywords are: ['dm_add_device', 'result']&#10;C:\ATS\testcases\ats_result\tmp\20171205_102839-00101003\output.log: DEBUG: [common_methods.py: 374] use: dm_add_device to select packages...&#10;C:\ATS\testcases\ats_result\tmp\20171205_102839-00101003\output.log: INFO: [common_methods.py: 377] 2 package left!&#10;C:\ATS\testcases\ats_result\tmp\20171205_102839-00101003\output.log: DEBUG: [common_methods.py: 374] use: result to select packages...&#10;C:\ATS\testcases\ats_result\tmp\20171205_102839-00101003\output.log: INFO: [common_methods.py: 377] 2 package left!&#10;C:\ATS\testcases\ats_result\tmp\20171205_102839-00101003\output.log: DEBUG: [common_methods.py: 381] use: mdp_msg to exclude packages...&#10;C:\ATS\testcases\ats_result\tmp\20171205_102839-00101003\output.log: INFO: [common_methods.py: 384] 1 package left!&#10;C:\ATS\testcases\ats_result\tmp\20171205_102839-00101003\output.log: WARNING: [ats_00101003_add_device_zigbee_test.py: 59] {&#10;    &quot;content&quot;: {&#10;        &quot;code&quot;: 0,&#10;        &quot;method&quot;: &quot;dm_add_device&quot;,&#10;        &quot;msg&quot;: &quot;success&quot;,&#10;        &quot;msg_code&quot;: 0,&#10;        &quot;req_id&quot;: 123,&#10;        &quot;result&quot;: {&#10;            &quot;attribute&quot;: {&#10;                &quot;b&quot;: 0,&#10;                &quot;connectivity&quot;: &quot;online&quot;,&#10;                &quot;g&quot;: 0,&#10;                &quot;hue&quot;: 255,&#10;                &quot;level&quot;: 255,&#10;                &quot;mode&quot;: &quot;on&quot;,&#10;                &quot;r&quot;: 0,&#10;                &quot;saturation&quot;: 255,&#10;                &quot;temperature&quot;: 65535&#10;            },&#10;            &quot;bussiness_user_id&quot;: 0,&#10;            &quot;create_at&quot;: 978314401,&#10;            &quot;device_category_id&quot;: 5,&#10;            &quot;device_id&quot;: 98142167699712,&#10;            &quot;device_name&quot;: &quot;佛照射灯&quot;,&#10;            &quot;device_uuid&quot;: &quot;050000000200000142810b11004b1200&quot;,&#10;            &quot;family_id&quot;: 4044,&#10;            &quot;room_id&quot;: 1,&#10;            &quot;room_name&quot;: &quot;客厅&quot;,&#10;            &quot;update_at&quot;: 978314401,&#10;            &quot;user_id&quot;: 4043&#10;        },&#10;        &quot;timestamp&quot;: 978314401&#10;    },&#10;    &quot;encry&quot;: &quot;false&quot;,&#10;    &quot;uuid&quot;: &quot;00fbfca7bf0000000000000001021717&quot;&#10;}&#10;C:\ATS\testcases\ats_result\tmp\20171205_102839-00101003\output.log: DEBUG: [ats_00101003_add_device_zigbee_test.py: 60] {&#10;    &quot;content&quot;: {&#10;        &quot;code&quot;: 0,&#10;        &quot;method&quot;: &quot;dm_add_device&quot;,&#10;        &quot;msg&quot;: &quot;success&quot;,&#10;        &quot;msg_code&quot;: 0,&#10;        &quot;req_id&quot;: 123,&#10;        &quot;result&quot;: {&#10;            &quot;attribute&quot;: {&#10;                &quot;b&quot;: 0,&#10;                &quot;connectivity&quot;: &quot;online&quot;,&#10;                &quot;g&quot;: 0,&#10;                &quot;hue&quot;: 255,&#10;                &quot;level&quot;: 255,&#10;                &quot;mode&quot;: &quot;on&quot;,&#10;                &quot;r&quot;: 0,&#10;                &quot;saturation&quot;: 255,&#10;                &quot;temperature&quot;: 65535&#10;            },&#10;            &quot;bussiness_user_id&quot;: 0,&#10;            &quot;create_at&quot;: 978314401,&#10;            &quot;device_category_id&quot;: 5,&#10;            &quot;device_id&quot;: 98142167699712,&#10;            &quot;device_name&quot;: &quot;佛照射灯&quot;,&#10;            &quot;device_uuid&quot;: &quot;050000000200000142810b11004b1200&quot;,&#10;            &quot;family_id&quot;: 4044,&#10;            &quot;room_id&quot;: 1,&#10;            &quot;room_name&quot;: &quot;客厅&quot;,&#10;            &quot;update_at&quot;: 978314401,&#10;            &quot;user_id&quot;: 4043&#10;        },&#10;        &quot;timestamp&quot;: 978314401&#10;    },&#10;    &quot;encry&quot;: &quot;false&quot;,&#10;    &quot;uuid&quot;: &quot;00fbfca7bf0000000000000001021717&quot;&#10;}&#10;C:\ATS\testcases\ats_result\tmp\20171205_102839-00101003\output.log: INFO: [common_methods.py: 308] {&#10;C:\ATS\testcases\ats_result\tmp\20171205_102839-00101003\output.log: INFO: [common_methods.py: 312]   content : &#10;C:\ATS\testcases\ats_result\tmp\20171205_102839-00101003\output.log: INFO: [common_methods.py: 308]   {&#10;C:\ATS\testcases\ats_result\tmp\20171205_102839-00101003\output.log: INFO: [common_methods.py: 324]     code : 0&#10;C:\ATS\testcases\ats_result\tmp\20171205_102839-00101003\output.log: INFO: [common_methods.py: 324]     method : dm_add_device&#10;C:\ATS\testcases\ats_result\tmp\20171205_102839-00101003\output.log: INFO: [common_methods.py: 324]     msg : success&#10;C:\ATS\testcases\ats_result\tmp\20171205_102839-00101003\output.log: INFO: [common_methods.py: 352]     msg_code : 0------------------------------------------------------------------------------------actuality only&#10;C:\ATS\testcases\ats_result\tmp\20171205_102839-00101003\output.log: INFO: [common_methods.py: 340]     msg_tag : no_need-------------------------------------------------------------------------------expected only&#10;C:\ATS\testcases\ats_result\tmp\20171205_102839-00101003\output.log: INFO: [common_methods.py: 324]     req_id : no_need&#10;C:\ATS\testcases\ats_result\tmp\20171205_102839-00101003\output.log: INFO: [common_methods.py: 312]     result : &#10;C:\ATS\testcases\ats_result\tmp\20171205_102839-00101003\output.log: INFO: [common_methods.py: 308]     {&#10;C:\ATS\testcases\ats_result\tmp\20171205_102839-00101003\output.log: INFO: [common_methods.py: 312]       attribute : &#10;C:\ATS\testcases\ats_result\tmp\20171205_102839-00101003\output.log: INFO: [common_methods.py: 308]       {&#10;C:\ATS\testcases\ats_result\tmp\20171205_102839-00101003\output.log: INFO: [common_methods.py: 324]         b : no_need&#10;C:\ATS\testcases\ats_result\tmp\20171205_102839-00101003\output.log: INFO: [common_methods.py: 324]         connectivity : online&#10;C:\ATS\testcases\ats_result\tmp\20171205_102839-00101003\output.log: INFO: [common_methods.py: 324]         g : no_need&#10;C:\ATS\testcases\ats_result\tmp\20171205_102839-00101003\output.log: INFO: [common_methods.py: 324]         hue : no_need&#10;C:\ATS\testcases\ats_result\tmp\20171205_102839-00101003\output.log: INFO: [common_methods.py: 324]         level : no_need&#10;C:\ATS\testcases\ats_result\tmp\20171205_102839-00101003\output.log: INFO: [common_methods.py: 324]         mode : on&#10;C:\ATS\testcases\ats_result\tmp\20171205_102839-00101003\output.log: INFO: [common_methods.py: 324]         r : no_need&#10;C:\ATS\testcases\ats_result\tmp\20171205_102839-00101003\output.log: INFO: [common_methods.py: 324]         saturation : no_need&#10;C:\ATS\testcases\ats_result\tmp\20171205_102839-00101003\output.log: INFO: [common_methods.py: 324]         temperature : no_need&#10;C:\ATS\testcases\ats_result\tmp\20171205_102839-00101003\output.log: INFO: [common_methods.py: 354]       }&#10;C:\ATS\testcases\ats_result\tmp\20171205_102839-00101003\output.log: INFO: [common_methods.py: 324]       bussiness_user_id : 0&#10;C:\ATS\testcases\ats_result\tmp\20171205_102839-00101003\output.log: INFO: [common_methods.py: 324]       create_at : no_need&#10;C:\ATS\testcases\ats_result\tmp\20171205_102839-00101003\output.log: INFO: [common_methods.py: 324]       device_category_id : 5&#10;C:\ATS\testcases\ats_result\tmp\20171205_102839-00101003\output.log: INFO: [common_methods.py: 324]       device_id : no_need&#10;C:\ATS\testcases\ats_result\tmp\20171205_102839-00101003\output.log: INFO: [common_methods.py: 324]       device_name : no_need&#10;C:\ATS\testcases\ats_result\tmp\20171205_102839-00101003\output.log: INFO: [common_methods.py: 324]       device_uuid : no_need&#10;C:\ATS\testcases\ats_result\tmp\20171205_102839-00101003\output.log: INFO: [common_methods.py: 324]       family_id : 4044&#10;C:\ATS\testcases\ats_result\tmp\20171205_102839-00101003\output.log: INFO: [common_methods.py: 324]       room_id : 1&#10;C:\ATS\testcases\ats_result\tmp\20171205_102839-00101003\output.log: INFO: [common_methods.py: 324]       room_name : 客厅&#10;C:\ATS\testcases\ats_result\tmp\20171205_102839-00101003\output.log: INFO: [common_methods.py: 324]       update_at : no_need&#10;C:\ATS\testcases\ats_result\tmp\20171205_102839-00101003\output.log: INFO: [common_methods.py: 324]       user_id : 4043&#10;C:\ATS\testcases\ats_result\tmp\20171205_102839-00101003\output.log: INFO: [common_methods.py: 354]     }&#10;C:\ATS\testcases\ats_result\tmp\20171205_102839-00101003\output.log: INFO: [common_methods.py: 324]     timestamp : no_need&#10;C:\ATS\testcases\ats_result\tmp\20171205_102839-00101003\output.log: INFO: [common_methods.py: 354]   }&#10;C:\ATS\testcases\ats_result\tmp\20171205_102839-00101003\output.log: INFO: [common_methods.py: 324]   encry : no_need&#10;C:\ATS\testcases\ats_result\tmp\20171205_102839-00101003\output.log: INFO: [common_methods.py: 324]   uuid : no_need&#10;C:\ATS\testcases\ats_result\tmp\20171205_102839-00101003\output.log: INFO: [common_methods.py: 354] }&#10;C:\ATS\testcases\ats_result\tmp\20171205_102839-00101003\output.log: ERROR: [common_methods.py: 359] template != target&#10;C:\ATS\testcases\ats_result\tmp\20171205_102839-00101003\output.log: ERROR: [framework.py: 80] msg check failed!&#10;--------------------- &gt;&gt; end captured logging &lt;&lt; ---------------------"><![CDATA[  File "C:\Python27\lib\unittest\case.py", line 318, in run
    testMethod()
  File "C:\Python27\lib\site-packages\nose-1.3.7-py2.7.egg\nose\case.py", line 197, in runTest
    self.test(*self.arg)
  File "C:\ATS\framework\framework.py", line 61, in test
    assert_equal(0, result)
  File "C:\Python27\lib\unittest\case.py", line 494, in assertEqual
    assertion_func(first, second, msg=msg)
  File "C:\Python27\lib\unittest\case.py", line 487, in _baseAssertEqual
    raise self.failureException(msg)
'0 != 1\n-------------------- >> begin captured logging << --------------------\nC:\\ATS\\testcases\\ats_result\\tmp\\20171205_102839-00101003\\output.log: DEBUG: [my_serial.py: 58] port: COM5 open success\nC:\\ATS\\testcases\\ats_result\\tmp\\20171205_102839-00101003\\output.log: INFO: [my_socket.py: 196] Connection setup suceess!\nC:\\ATS\\testcases\\ats_result\\tmp\\20171205_102839-00101003\\output.log: INFO: [my_socket.py: 267] client send data: {"content": {"timestamp": 123456789, "params": {"family_id": 4044, "user_id": 4043, "device_uuid": "050000000200000142810b11004b1200"}, "method": "dm_del_device", "req_id": 123}, "encry": "false", "uuid": "111"}\n\nC:\\ATS\\testcases\\ats_result\\tmp\\20171205_102839-00101003\\output.log: INFO: [my_socket.py: 227] client get data: \'{"uuid":"00fbfca7bf0000000000000001021717", "encry":"false", "content":{"method": "dm_del_device","code":0,"msg":"success","timestamp":978314359,"req_id":123,"result": {"family_id": 4044,"device_id": 98142167699712,"user_id": 4043,"device_uuid":"050000000200000142810b11004b1200","status":"removed"}}}\\n\'\nC:\\ATS\\testcases\\ats_result\\tmp\\20171205_102839-00101003\\output.log: INFO: [my_socket.py: 227] client get data: \'{"uuid":"00fbfca7bf0000000000000001021717", "encry":"false", "content":{"method":"mdp_msg","req_id":73,"timestamp":978314359,"params":{"msg_type":"R2F","target_id":4044,"content":{"method": "dm_del_device","code":0,"msg":"success","timestamp":978314359,"req_id":123,"result": {"family_id": 4044,"device_id": 98142167699712,"user_id": 4043,"device_uuid":"050000000200000142810b11004b1200","status":"removed"}}}}}\\n\'\nC:\\ATS\\testcases\\ats_result\\tmp\\20171205_102839-00101003\\output.log: INFO: [common_methods.py: 369] 2 package found!\nC:\\ATS\\testcases\\ats_result\\tmp\\20171205_102839-00101003\\output.log: INFO: [common_methods.py: 371] keywords are: [\'dm_del_device\', \'success\']\nC:\\ATS\\testcases\\ats_result\\tmp\\20171205_102839-00101003\\output.log: DEBUG: [common_methods.py: 374] use: dm_del_device to select packages...\nC:\\ATS\\testcases\\ats_result\\tmp\\20171205_102839-00101003\\output.log: INFO: [common_methods.py: 377] 2 package left!\nC:\\ATS\\testcases\\ats_result\\tmp\\20171205_102839-00101003\\output.log: DEBUG: [common_methods.py: 374] use: success to select packages...\nC:\\ATS\\testcases\\ats_result\\tmp\\20171205_102839-00101003\\output.log: INFO: [common_methods.py: 377] 2 package left!\nC:\\ATS\\testcases\\ats_result\\tmp\\20171205_102839-00101003\\output.log: DEBUG: [common_methods.py: 381] use: mdp_msg to exclude packages...\nC:\\ATS\\testcases\\ats_result\\tmp\\20171205_102839-00101003\\output.log: INFO: [common_methods.py: 384] 1 package left!\nC:\\ATS\\testcases\\ats_result\\tmp\\20171205_102839-00101003\\output.log: INFO: [ats_00101003_add_device_zigbee_test.py: 41] Delete device already success!\nC:\\ATS\\testcases\\ats_result\\tmp\\20171205_102839-00101003\\output.log: INFO: [my_socket.py: 267] client send data: {"content": {"timestamp": 1490229730, "params": {"device_category_id": 5, "user_id": 4043, "room_id": 1, "family_id": 4044}, "method": "dm_add_device", "req_id": 123}, "encry": "false", "uuid": "111"}\n\nC:\\ATS\\testcases\\ats_result\\tmp\\20171205_102839-00101003\\output.log: DEBUG: [my_serial.py: 125] To open robot...\nC:\\ATS\\testcases\\ats_result\\tmp\\20171205_102839-00101003\\output.log: DEBUG: [my_serial.py: 58] port: COM9 open success\nC:\\ATS\\testcases\\ats_result\\tmp\\20171205_102839-00101003\\output.log: DEBUG: [my_serial.py: 134] To close robot...\nC:\\ATS\\testcases\\ats_result\\tmp\\20171205_102839-00101003\\output.log: DEBUG: [my_serial.py: 58] port: COM9 open success\nC:\\ATS\\testcases\\ats_result\\tmp\\20171205_102839-00101003\\output.log: DEBUG: [my_serial.py: 125] To open robot...\nC:\\ATS\\testcases\\ats_result\\tmp\\20171205_102839-00101003\\output.log: DEBUG: [my_serial.py: 58] port: COM9 open success\nC:\\ATS\\testcases\\ats_result\\tmp\\20171205_102839-00101003\\output.log: DEBUG: [my_serial.py: 134] To close robot...\nC:\\ATS\\testcases\\ats_result\\tmp\\20171205_102839-00101003\\output.log: DEBUG: [my_serial.py: 58] port: COM9 open success\nC:\\ATS\\testcases\\ats_result\\tmp\\20171205_102839-00101003\\output.log: DEBUG: [my_serial.py: 125] To open robot...\nC:\\ATS\\testcases\\ats_result\\tmp\\20171205_102839-00101003\\output.log: DEBUG: [my_serial.py: 58] port: COM9 open success\nC:\\ATS\\testcases\\ats_result\\tmp\\20171205_102839-00101003\\output.log: DEBUG: [my_serial.py: 134] To close robot...\nC:\\ATS\\testcases\\ats_result\\tmp\\20171205_102839-00101003\\output.log: DEBUG: [my_serial.py: 58] port: COM9 open success\nC:\\ATS\\testcases\\ats_result\\tmp\\20171205_102839-00101003\\output.log: DEBUG: [my_serial.py: 125] To open robot...\nC:\\ATS\\testcases\\ats_result\\tmp\\20171205_102839-00101003\\output.log: DEBUG: [my_serial.py: 58] port: COM9 open success\nC:\\ATS\\testcases\\ats_result\\tmp\\20171205_102839-00101003\\output.log: DEBUG: [my_serial.py: 134] To close robot...\nC:\\ATS\\testcases\\ats_result\\tmp\\20171205_102839-00101003\\output.log: DEBUG: [my_serial.py: 58] port: COM9 open success\nC:\\ATS\\testcases\\ats_result\\tmp\\20171205_102839-00101003\\output.log: DEBUG: [my_serial.py: 125] To open robot...\nC:\\ATS\\testcases\\ats_result\\tmp\\20171205_102839-00101003\\output.log: DEBUG: [my_serial.py: 58] port: COM9 open success\nC:\\ATS\\testcases\\ats_result\\tmp\\20171205_102839-00101003\\output.log: DEBUG: [my_serial.py: 134] To close robot...\nC:\\ATS\\testcases\\ats_result\\tmp\\20171205_102839-00101003\\output.log: DEBUG: [my_serial.py: 58] port: COM9 open success\nC:\\ATS\\testcases\\ats_result\\tmp\\20171205_102839-00101003\\output.log: DEBUG: [my_serial.py: 125] To open robot...\nC:\\ATS\\testcases\\ats_result\\tmp\\20171205_102839-00101003\\output.log: DEBUG: [my_serial.py: 58] port: COM9 open success\nC:\\ATS\\testcases\\ats_result\\tmp\\20171205_102839-00101003\\output.log: DEBUG: [my_serial.py: 134] To close robot...\nC:\\ATS\\testcases\\ats_result\\tmp\\20171205_102839-00101003\\output.log: DEBUG: [my_serial.py: 58] port: COM9 open success\nC:\\ATS\\testcases\\ats_result\\tmp\\20171205_102839-00101003\\output.log: INFO: [my_socket.py: 227] client get data: \'{"uuid":"00fbfca7bf0000000000000001021717", "encry":"false", "content":{"method": "dm_add_device","timestamp":978314401,"req_id":123,"msg": "success","msg_code": 0,"code": 0,"result": {"device_uuid":"050000000200000142810b11004b1200","bussiness_user_id": 0,"device_name":"\\xe4\\xbd\\x9b\\xe7\\x85\\xa7\\xe5\\xb0\\x84\\xe7\\x81\\xaf","family_id": 4044,"room_id":1 ,"user_id": 4043,"room_name":"\\xe5\\xae\\xa2\\xe5\\x8e\\x85","device_category_id":5,"device_id":98142167699712,"create_at":978314401,"update_at":978314401,"attribute":{"temperature":65535,"r":0,"g":0,"b":0,"hue":255,"sa\'\nC:\\ATS\\testcases\\ats_result\\tmp\\20171205_102839-00101003\\output.log: INFO: [my_socket.py: 227] client get data: \'turation":255,"mode":"on","level":255,"connectivity": "online"}}}}\\n\'\nC:\\ATS\\testcases\\ats_result\\tmp\\20171205_102839-00101003\\output.log: INFO: [my_socket.py: 227] client get data: \'{"uuid":"00fbfca7bf0000000000000001021717", "encry":"false", "content":{"method":"mdp_msg","req_id":74,"timestamp":978314401,"params":{"msg_type":"R2F","target_id":4044,"content":{"method": "dm_add_device","timestamp":978314401,"req_id":123,"msg": "success","msg_code": 0,"code": 0,"result": {"device_uuid":"050000000200000142810b11004b1200","bussiness_user_id": 0,"device_name":"\\xe4\\xbd\\x9b\\xe7\\x85\\xa7\\xe5\\xb0\\x84\\xe7\\x81\\xaf","family_id": 
[...]
O: [common_methods.py: 340]           updated_at : no_need----------------------------------------------------------------------expected only\nC:\\ATS\\testcases\\ats_result\\tmp\\20171205_103926-00101017\\output.log: INFO: [common_methods.py: 354]         }\nC:\\ATS\\testcases\\ats_result\\tmp\\20171205_103926-00101017\\output.log: INFO: [common_methods.py: 308]         {\nC:\\ATS\\testcases\\ats_result\\tmp\\20171205_103926-00101017\\output.log: INFO: [common_methods.py: 340]           created_at : no_need----------------------------------------------------------------------expected only\nC:\\ATS\\testcases\\ats_result\\tmp\\20171205_103926-00101017\\output.log: INFO: [common_methods.py: 340]           name : \xe9\x97\xa8\xe7\xaa\x97\xe4\xbc\xa0\xe6\x84\x9f\xe5\x99\xa8------------------------------------------------------------------------------expected only\nC:\\ATS\\testcases\\ats_result\\tmp\\20171205_103926-00101017\\output.log: INFO: [common_methods.py: 340]           order : 12--------------------------------------------------------------------------------expected only\nC:\\ATS\\testcases\\ats_result\\tmp\\20171205_103926-00101017\\output.log: INFO: [common_methods.py: 340]           type_id : 12------------------------------------------------------------------------------expected only\nC:\\ATS\\testcases\\ats_result\\tmp\\20171205_103926-00101017\\output.log: INFO: [common_methods.py: 340]           updated_at : no_need----------------------------------------------------------------------expected only\nC:\\ATS\\testcases\\ats_result\\tmp\\20171205_103926-00101017\\output.log: INFO: [common_methods.py: 354]         }\nC:\\ATS\\testcases\\ats_result\\tmp\\20171205_103926-00101017\\output.log: INFO: [common_methods.py: 303]       ]\nC:\\ATS\\testcases\\ats_result\\tmp\\20171205_103926-00101017\\output.log: INFO: [common_methods.py: 352]       user_id : 4043--------------------------------------------------------------------------------actuality only\nC:\\ATS\\testcases\\ats_result\\tmp\\20171205_103926-00101017\\output.log: INFO: [common_methods.py: 354]     }\nC:\\ATS\\testcases\\ats_result\\tmp\\20171205_103926-00101017\\output.log: INFO: [common_methods.py: 324]     timestamp : no_need\nC:\\ATS\\testcases\\ats_result\\tmp\\20171205_103926-00101017\\output.log: INFO: [common_methods.py: 354]   }\nC:\\ATS\\testcases\\ats_result\\tmp\\20171205_103926-00101017\\output.log: INFO: [common_methods.py: 324]   encry : no_need\nC:\\ATS\\testcases\\ats_result\\tmp\\20171205_103926-00101017\\output.log: INFO: [common_methods.py: 324]   uuid : no_need\nC:\\ATS\\testcases\\ats_result\\tmp\\20171205_103926-00101017\\output.log: INFO: [common_methods.py: 354] }\nC:\\ATS\\testcases\\ats_result\\tmp\\20171205_103926-00101017\\output.log: ERROR: [common_methods.py: 359] template != target\nC:\\ATS\\testcases\\ats_result\\tmp\\20171205_103926-00101017\\output.log: ERROR: [framework.py: 80] msg check failed!\n--------------------- >> end captured logging << ---------------------']]></failure></testcase><testcase classname="ats_00101018_get_device_type_fail_test.Test" name="test" time="1.117"></testcase><testcase classname="ats_00101019_get_device_list_by_family_test.Test" name="test" time="41.721"><failure type="exceptions.AssertionError" message="0 != 1&#10;-------------------- &gt;&gt; begin captured logging &lt;&lt; --------------------&#10;C:\ATS\testcases\ats_result\tmp\20171205_103929-00101019\output.log: DEBUG: [my_serial.py: 58] port: COM5 open success&#10;C:\ATS\testcases\ats_result\tmp\20171205_103929-00101019\output.log: INFO: [my_socket.py: 196] Connection setup suceess!&#10;C:\ATS\testcases\ats_result\tmp\20171205_103929-00101019\output.log: INFO: [my_socket.py: 267] client send data: {&quot;content&quot;: {&quot;timestamp&quot;: 123121211, &quot;params&quot;: {&quot;family_id&quot;: 4044, &quot;user_id&quot;: 4043}, &quot;method&quot;: &quot;dm_get_family_dev_type_list&quot;, &quot;req_id&quot;: 123}, &quot;encry&quot;: &quot;false&quot;, &quot;uuid&quot;: &quot;111&quot;}&#10;&#10;C:\ATS\testcases\ats_result\tmp\20171205_103929-00101019\output.log: INFO: [my_socket.py: 227] client get data: '{&quot;uuid&quot;:&quot;00fbfca7bf0000000000000001021717&quot;, &quot;encry&quot;:&quot;false&quot;, &quot;content&quot;:{&quot;method&quot;:&quot;dm_get_family_dev_type_list&quot;,&quot;req_id&quot;:123,&quot;timestamp&quot;:978315031,&quot;msg&quot;:&quot;success&quot;,&quot;code&quot;:0,&quot;result&quot;:{&quot;family_id&quot;:4044,&quot;user_id&quot;:4043,&quot;list&quot;:[1,5,11]}}}\n'&#10;C:\ATS\testcases\ats_result\tmp\20171205_103929-00101019\output.log: INFO: [common_methods.py: 369] 1 package found!&#10;C:\ATS\testcases\ats_result\tmp\20171205_103929-00101019\output.log: INFO: [common_methods.py: 371] keywords are: ['dm_get_family_dev_type_list', 'result']&#10;C:\ATS\testcases\ats_result\tmp\20171205_103929-00101019\output.log: DEBUG: [common_methods.py: 374] use: dm_get_family_dev_type_list to select packages...&#10;C:\ATS\testcases\ats_result\tmp\20171205_103929-00101019\output.log: INFO: [common_methods.py: 377] 1 package left!&#10;C:\ATS\testcases\ats_result\tmp\20171205_103929-00101019\output.log: DEBUG: [common_methods.py: 374] use: result to select packages...&#10;C:\ATS\testcases\ats_result\tmp\20171205_103929-00101019\output.log: INFO: [common_methods.py: 377] 1 package left!&#10;C:\ATS\testcases\ats_result\tmp\20171205_103929-00101019\output.log: DEBUG: [common_methods.py: 381] use: mdp_msg to exclude packages...&#10;C:\ATS\testcases\ats_result\tmp\20171205_103929-00101019\output.log: INFO: [common_methods.py: 384] 1 package left!&#10;C:\ATS\testcases\ats_result\tmp\20171205_103929-00101019\output.log: WARNING: [ats_00101019_get_device_list_by_family_test.py: 82] {&#10;    &quot;content&quot;: {&#10;        &quot;code&quot;: 0,&#10;        &quot;method&quot;: &quot;dm_get_family_dev_type_list&quot;,&#10;        &quot;msg&quot;: &quot;success&quot;,&#10;        &quot;req_id&quot;: 123,&#10;        &quot;result&quot;: {&#10;            &quot;family_id&quot;: 4044,&#10;            &quot;list&quot;: [&#10;                1,&#10;                5,&#10;                11&#10;            ],&#10;            &quot;user_id&quot;: 4043&#10;        },&#10;        &quot;timestamp&quot;: 978315031&#10;    },&#10;    &quot;encry&quot;: &quot;false&quot;,&#10;    &quot;uuid&quot;: &quot;00fbfca7bf0000000000000001021717&quot;&#10;}&#10;C:\ATS\testcases\ats_result\tmp\20171205_103929-00101019\output.log: DEBUG: [ats_00101019_get_device_list_by_family_test.py: 83] {&#10;    &quot;content&quot;: {&#10;        &quot;code&quot;: 0,&#10;        &quot;method&quot;: &quot;dm_get_family_dev_type_list&quot;,&#10;        &quot;msg&quot;: &quot;success&quot;,&#10;        &quot;req_id&quot;: 123,&#10;        &quot;result&quot;: {&#10;            &quot;family_id&quot;: 4044,&#10;            &quot;list&quot;: [&#10;                1,&#10;                5,&#10;                11&#10;            ],&#10;            &quot;user_id&quot;: 4043&#10;        },&#10;        &quot;timestamp&quot;: 978315031&#10;    },&#10;    &quot;encry&quot;: &quot;false&quot;,&#10;    &quot;uuid&quot;: &quot;00fbfca7bf0000000000000001021717&quot;&#10;}&#10;C:\ATS\testcases\ats_result\tmp\20171205_103929-00101019\output.log: INFO: [common_methods.py: 308] {&#10;C:\ATS\testcases\ats_result\tmp\20171205_103929-00101019\output.log: INFO: [common_methods.py: 312]   content : &#10;C:\ATS\testcases\ats_result\tmp\20171205_103929-00101019\output.log: INFO: [common_methods.py: 308]   {&#10;C:\ATS\testcases\ats_result\tmp\20171205_103929-00101019\output.log: INFO: [common_methods.py: 324]     code : 0&#10;C:\ATS\testcases\ats_result\tmp\20171205_103929-00101019\output.log: INFO: [common_methods.py: 324]     method : dm_get_family_dev_type_list&#10;C:\ATS\testcases\ats_result\tmp\20171205_103929-00101019\output.log: INFO: [common_methods.py: 324]     msg : success&#10;C:\ATS\testcases\ats_result\tmp\20171205_103929-00101019\output.log: INFO: [common_methods.py: 340]     msg_tag : no_need-------------------------------------------------------------------------------expected only&#10;C:\ATS\testcases\ats_result\tmp\20171205_103929-00101019\output.log: INFO: [common_methods.py: 324]     req_id : no_need&#10;C:\ATS\testcases\ats_result\tmp\20171205_103929-00101019\output.log: INFO: [common_methods.py: 312]     result : &#10;C:\ATS\testcases\ats_result\tmp\20171205_103929-00101019\output.log: INFO: [common_methods.py: 308]     {&#10;C:\ATS\testcases\ats_result\tmp\20171205_103929-00101019\output.log: INFO: [common_methods.py: 324]       family_id : 4044&#10;C:\ATS\testcases\ats_result\tmp\20171205_103929-00101019\output.log: INFO: [common_methods.py: 260]       [&#10;C:\ATS\testcases\ats_result\tmp\20171205_103929-00101019\output.log: INFO: [common_methods.py: 274]         1&#10;C:\ATS\testcases\ats_result\tmp\20171205_103929-00101019\output.log: INFO: [common_methods.py: 274]         5&#10;C:\ATS\testcases\ats_result\tmp\20171205_103929-00101019\output.log: INFO: [common_methods.py: 274]         11&#10;C:\ATS\testcases\ats_result\tmp\20171205_103929-00101019\output.log: INFO: [common_methods.py: 303]       ]&#10;C:\ATS\testcases\ats_result\tmp\20171205_103929-00101019\output.log: INFO: [common_methods.py: 324]       user_id : 4043&#10;C:\ATS\testcases\ats_result\tmp\20171205_103929-00101019\output.log: INFO: [common_methods.py: 354]     }&#10;C:\ATS\testcases\ats_result\tmp\20171205_103929-00101019\output.log: INFO: [common_methods.py: 324]     timestamp : no_need&#10;C:\ATS\testcases\ats_result\tmp\20171205_103929-00101019\output.log: INFO: [common_methods.py: 354]   }&#10;C:\ATS\testcases\ats_result\tmp\20171205_103929-00101019\output.log: INFO: [common_methods.py: 324]   encry : no_need&#10;C:\ATS\testcases\ats_result\tmp\20171205_103929-00101019\output.log: INFO: [common_methods.py: 324]   uuid : no_need&#10;C:\ATS\testcases\ats_result\tmp\20171205_103929-00101019\output.log: INFO: [common_methods.py: 354] }&#10;C:\ATS\testcases\ats_result\tmp\20171205_103929-00101019\output.log: ERROR: [common_methods.py: 359] template != target&#10;C:\ATS\testcases\ats_result\tmp\20171205_103929-00101019\output.log: ERROR: [framework.py: 80] msg check failed!&#10;--------------------- &gt;&gt; end captured logging &lt;&lt; ---------------------"><![CDATA[  File "C:\Python27\lib\unittest\case.py", line 318, in run
    testMethod()
  File "C:\Python27\lib\site-packages\nose-1.3.7-py2.7.egg\nose\case.py", line 197, in runTest
    self.test(*self.arg)
  File "C:\ATS\framework\framework.py", line 61, in test
    assert_equal(0, result)
  File "C:\Python27\lib\unittest\case.py", line 494, in assertEqual
    assertion_func(first, second, msg=msg)
  File "C:\Python27\lib\unittest\case.py", line 487, in _baseAssertEqual
    raise self.failureException(msg)
'0 != 1\n-------------------- >> begin captured logging << --------------------\nC:\\ATS\\testcases\\ats_result\\tmp\\20171205_103929-00101019\\output.log: DEBUG: [my_serial.py: 58] port: COM5 open success\nC:\\ATS\\testcases\\ats_result\\tmp\\20171205_103929-00101019\\output.log: INFO: [my_socket.py: 196] Connection setup suceess!\nC:\\ATS\\testcases\\ats_result\\tmp\\20171205_103929-00101019\\output.log: INFO: [my_socket.py: 267] client send data: {"content": {"timestamp": 123121211, "params": {"family_id": 4044, "user_id": 4043}, "method": "dm_get_family_dev_type_list", "req_id": 123}, "encry": "false", "uuid": "111"}\n\nC:\\ATS\\testcases\\ats_result\\tmp\\20171205_103929-00101019\\output.log: INFO: [my_socket.py: 227] client get data: \'{"uuid":"00fbfca7bf0000000000000001021717", "encry":"false", "content":{"method":"dm_get_family_dev_type_list","req_id":123,"timestamp":978315031,"msg":"success","code":0,"result":{"family_id":4044,"user_id":4043,"list":[1,5,11]}}}\\n\'\nC:\\ATS\\testcases\\ats_result\\tmp\\20171205_103929-00101019\\output.log: INFO: [common_methods.py: 369] 1 package found!\nC:\\ATS\\testcases\\ats_result\\tmp\\20171205_103929-00101019\\output.log: INFO: [common_methods.py: 371] keywords are: [\'dm_get_family_dev_type_list\', \'result\']\nC:\\ATS\\testcases\\ats_result\\tmp\\20171205_103929-00101019\\output.log: DEBUG: [common_methods.py: 374] use: dm_get_family_dev_type_list to select packages...\nC:\\ATS\\testcases\\ats_result\\tmp\\20171205_103929-00101019\\output.log: INFO: [common_methods.py: 377] 1 package left!\nC:\\ATS\\testcases\\ats_result\\tmp\\20171205_103929-00101019\\output.log: DEBUG: [common_methods.py: 374] use: result to select packages...\nC:\\ATS\\testcases\\ats_result\\tmp\\20171205_103929-00101019\\output.log: INFO: [common_methods.py: 377] 1 package left!\nC:\\ATS\\testcases\\ats_result\\tmp\\20171205_103929-00101019\\output.log: DEBUG: [common_methods.py: 381] use: mdp_msg to exclude packages...\nC:\\ATS\\testcases\\ats_result\\tmp\\20171205_103929-00101019\\output.log: INFO: [common_methods.py: 384] 1 package left!\nC:\\ATS\\testcases\\ats_result\\tmp\\20171205_103929-00101019\\output.log: WARNING: [ats_00101019_get_device_list_by_family_test.py: 82] {\n    "content": {\n        "code": 0,\n        "method": "dm_get_family_dev_type_list",\n        "msg": "success",\n        "req_id": 123,\n        "result": {\n            "family_id": 4044,\n            "list": [\n                1,\n                5,\n                11\n            ],\n            "user_id": 4043\n        },\n        "timestamp": 978315031\n    },\n    "encry": "false",\n    "uuid": "00fbfca7bf0000000000000001021717"\n}\nC:\\ATS\\testcases\\ats_result\\tmp\\20171205_103929-00101019\\output.log: DEBUG: [ats_00101019_get_device_list_by_family_test.py: 83] {\n    "content": {\n        "code": 0,\n        "method": "dm_get_family_dev_type_list",\n        "msg": "success",\n        "req_id": 123,\n        "result": {\n            "family_id": 4044,\n            "list": [\n                1,\n                5,\n                11\n            ],\n            "user_id": 4043\n        },\n        "timestamp": 978315031\n    },\n    "encry": "false",\n    "uuid": "00fbfca7bf0000000000000001021717"\n}\nC:\\ATS\\testcases\\ats_result\\tmp\\20171205_103929-00101019\\output.log: INFO: [common_methods.py: 308] {\nC:\\ATS\\testcases\\ats_result\\tmp\\20171205_103929-00101019\\output.log: INFO: [common_methods.py: 312]   content : \nC:\\ATS\\testcases\\ats_result\\tmp\\20171205_103929-00101019\\output.log: INFO: [common_methods.py: 308]   {\nC:\\ATS\\testcases\\ats_result\\tmp\\20171205_103929-00101019\\output.log: INFO: [common_methods.py: 324]     code : 0\nC:\\ATS\\testcases\\ats_result\\tmp\\20171205_103929-00101019\\output.log: INFO: [common_methods.py: 324]     method : dm_get_family_dev_type_list\nC:\\ATS\\testcases\\ats_result\\tmp\\20171205_103929-00101019\\output.log: INFO: [common_methods.py: 324]     msg : success\nC:\\ATS\\testcases\\ats_result\\tmp\\20171205_103929-00101019\\output.log: INFO: [common_methods.py: 340]     msg_tag : no_need-------------------------------------------------------------------------------expected only\nC:\\ATS\\testcases\\ats_result\\tmp\\20171205_103929-00101019\\output.log: INFO: [common_methods.py: 324]     req_id : no_need\nC:\\ATS\\testcases\\ats_result\\tmp\\20171205_103929-00101019\\output.log: INFO: [common_methods.py: 312]     result : \nC:\\ATS\\testcases\\ats_result\\tmp\\20171205_103929-00101019\\output.log: INFO: [common_methods.py: 308]     {\nC:\\ATS\\testcases\\ats_result\\tmp\\20171205_103929-00101019\\output.log: INFO: [common_methods.py: 324]       family_id : 4044\nC:\\ATS\\testcases\\ats_result\\tmp\\20171205_103929-00101019\\output.log: INFO: [common_methods.py: 260]       [\nC:\\ATS\\testcases\\ats_result\\tmp\\20171205_103929-00101019\\output.log: INFO: [common_methods.py: 274]         1\nC:\\ATS\\testcases\\ats_result\\tmp\\20171205_103929-00101019\\output.log: INFO: [common_methods.py: 274]         5\nC:\\ATS\\testcases\\ats_result\\tmp\\20171205_103929-00101019\\output.log: INFO: [common_methods.py: 274]         11\nC:\\ATS\\testcases\\ats_result\\tmp\\20171205_103929-00101019\\output.log: INFO: [common_methods.py: 303]       ]\nC:\\ATS\\testcases\\ats_result\\tmp\\20171205_103929-00101019\\output.log: INFO: [common_methods.py: 324]       user_id : 4043\nC:\\ATS\\testcases\\ats_result\\tmp\\20171205_103929-00101019\\output.log: INFO: [common_methods.py: 354]     }\nC:\\ATS\\testcases\\ats_result\\tmp\\20171205_103929-00101019\\output.log: INFO: [common_methods.py: 324]     timestamp : no_need\nC:\\ATS\\testcases\\ats_result\\tmp\\20171205_103929-00101019\\output.log: INFO: [common_methods.py: 354]   }\nC:\\ATS\\testcases\\ats_result\\tmp\\20171205_103929-00101019\\output.log: INFO: [common_methods.py: 324]   encry : no_need\nC:\\ATS\\testcases\\ats_result\\tmp\\20171205_103929-00101019\\output.log: INFO: [common_methods.py: 324]   uuid : no_need\nC:\\ATS\\testcases\\ats_result\\tmp\\20171205_103929-00101019\\output.log: INFO: [common_methods.py: 354] }\nC:\\ATS\\testcases\\ats_result\\tmp\\20171205_103929-00101019\\output.log: ERROR: [common_methods.py: 359] template != target\nC:\\ATS\\testcases\\ats_result\\tmp\\20171205_103929-00101019\\output.log: ERROR: [framework.py: 80] msg check failed!\n--------------------- >> end captured logging << ---------------------']]></failure></testcase><testcase classname="ats_00101020_get_device_list_by_family_fail_test.Test" name="test" time="21.528"></testcase><testcase classname="ats_00101021_get_device_list_by_brand_test.Test" name="test" time="21.289"><failure type="exceptions.AssertionError" message='0 != 1&#10;-------------------- &gt;&gt; begin captured logging &lt;&lt; --------------------&#10;C:\ATS\testcases\ats_result\tmp\20171205_104032-00101021\output.log: DEBUG: [my_serial.py: 58] port: COM5 open success&#10;C:\ATS\testcases\ats_result\tmp\20171205_104032-00101021\output.log: INFO: [my_socket.py: 196] Connection setup suceess!&#10;C:\ATS\testcases\ats_result\tmp\20171205_104032-00101021\output.log: INFO: [my_socket.py: 267] client send data: {"content": {"timestamp": 1490229730, "params": {"user_id": 4043, "brand": "\u4f5b\u7167", "number": 10, "family_id": 4044, "time": 1511424694, "type": 1}, "method": "dm_get_dev_product_list", "req_id": 123}, "encry": "false", "uuid": "111"}&#10;&#10;C:\ATS\testcases\ats_result\tmp\20171205_104032-00101021\output.log: ERROR: [framework.py: 80] timeout, server no response!&#10;--------------------- &gt;&gt; end captured logging &lt;&lt; ---------------------'><![CDATA[  File "C:\Python27\lib\unittest\case.py", line 318, in run
    testMethod()
  File "C:\Python27\lib\site-packages\nose-1.3.7-py2.7.egg\nose\case.py", line 197, in runTest
    self.test(*self.arg)
  File "C:\ATS\framework\framework.py", line 61, in test
    assert_equal(0, result)
  File "C:\Python27\lib\unittest\case.py", line 494, in assertEqual
    assertion_func(first, second, msg=msg)
  File "C:\Python27\lib\unittest\case.py", line 487, in _baseAssertEqual
    raise self.failureException(msg)
'0 != 1\n-------------------- >> begin captured logging << --------------------\nC:\\ATS\\testcases\\ats_result\\tmp\\20171205_104032-00101021\\output.log: DEBUG: [my_serial.py: 58] port: COM5 open success\nC:\\ATS\\testcases\\ats_result\\tmp\\20171205_104032-00101021\\output.log: INFO: [my_socket.py: 196] Connection setup suceess!\nC:\\ATS\\testcases\\ats_result\\tmp\\20171205_104032-00101021\\output.log: INFO: [my_socket.py: 267] client send data: {"content": {"timestamp": 1490229730, "params": {"user_id": 4043, "brand": "\\u4f5b\\u7167", "number": 10, "family_id": 4044, "time": 1511424694, "type": 1}, "method": "dm_get_dev_product_list", "req_id": 123}, "encry": "false", "uuid": "111"}\n\nC:\\ATS\\testcases\\ats_result\\tmp\\20171205_104032-00101021\\output.log: ERROR: [framework.py: 80] timeout, server no response!\n--------------------- >> end captured logging << ---------------------']]></failure></testcase></testsuite>